获取sId和prId开始、、、、、、、、、、、
sId= 6D34RnVQMVXoKBPeS7s
prId= 80e3d784-9492-4aed-8bf2-aca607e95e6e
第1页开始爬取，爬取50条数据
爬取第1页数据，并且发送至kafka成功！
--------------------忧伤的分割线----------------------
第2页开始爬取，爬取50条数据
爬取第2页数据，并且发送至kafka成功！
--------------------忧伤的分割线----------------------
第3页开始爬取，爬取50条数据
爬取第3页数据，并且发送至kafka成功！
--------------------忧伤的分割线----------------------
第4页开始爬取，爬取50条数据
爬取第4页数据，并且发送至kafka成功！
--------------------忧伤的分割线----------------------
第5页开始爬取，爬取50条数据
爬取第5页数据，并且发送至kafka成功！
--------------------忧伤的分割线----------------------
第6页开始爬取，爬取50条数据
爬取第6页数据，并且发送至kafka成功！
--------------------忧伤的分割线----------------------
第7页开始爬取，爬取50条数据
爬取第7页数据，并且发送至kafka成功！
--------------------忧伤的分割线----------------------
第8页开始爬取，爬取50条数据
爬取第8页数据，并且发送至kafka成功！
--------------------忧伤的分割线----------------------
第9页开始爬取，爬取50条数据
爬取第9页数据，并且发送至kafka成功！
--------------------忧伤的分割线----------------------
第10页开始爬取，爬取50条数据
爬取第10页数据，并且发送至kafka成功！
--------------------忧伤的分割线----------------------
第11页开始爬取，爬取50条数据
爬取第11页数据，并且发送至kafka成功！
--------------------忧伤的分割线----------------------
第12页开始爬取，爬取50条数据
爬取第12页数据，并且发送至kafka成功！
--------------------忧伤的分割线----------------------
第13页开始爬取，爬取50条数据
爬取第13页数据，并且发送至kafka成功！
--------------------忧伤的分割线----------------------
第14页开始爬取，爬取50条数据
爬取第14页数据，并且发送至kafka成功！
--------------------忧伤的分割线----------------------
第15页开始爬取，爬取50条数据
爬取第15页数据，并且发送至kafka成功！
--------------------忧伤的分割线----------------------
第16页开始爬取，爬取50条数据
爬取第16页数据，并且发送至kafka成功！
--------------------忧伤的分割线----------------------
第17页开始爬取，爬取50条数据
爬取第17页数据，并且发送至kafka成功！
--------------------忧伤的分割线----------------------
第18页开始爬取，爬取50条数据
爬取第18页数据，并且发送至kafka成功！
--------------------忧伤的分割线----------------------
第19页开始爬取，爬取50条数据
爬取第19页数据，并且发送至kafka成功！
--------------------忧伤的分割线----------------------
第20页开始爬取，爬取50条数据
爬取第20页数据，并且发送至kafka成功！
--------------------忧伤的分割线----------------------
第21页开始爬取，爬取50条数据
爬取第21页数据，并且发送至kafka成功！
--------------------忧伤的分割线----------------------
第22页开始爬取，爬取50条数据
爬取第22页数据，并且发送至kafka成功！
--------------------忧伤的分割线----------------------
第23页开始爬取，爬取50条数据
爬取第23页数据，并且发送至kafka成功！
--------------------忧伤的分割线----------------------
第24页开始爬取，爬取50条数据
爬取第24页数据，并且发送至kafka成功！
--------------------忧伤的分割线----------------------
第25页开始爬取，爬取50条数据
爬取第25页数据，并且发送至kafka成功！
--------------------忧伤的分割线----------------------
第26页开始爬取，爬取50条数据
爬取第26页数据，并且发送至kafka成功！
--------------------忧伤的分割线----------------------
第27页开始爬取，爬取50条数据
爬取第27页数据，并且发送至kafka成功！
--------------------忧伤的分割线----------------------
第28页开始爬取，爬取50条数据
爬取第28页数据，并且发送至kafka成功！
--------------------忧伤的分割线----------------------
第29页开始爬取，爬取50条数据
爬取第29页数据，并且发送至kafka成功！
--------------------忧伤的分割线----------------------
第30页开始爬取，爬取50条数据
爬取第30页数据，并且发送至kafka成功！
--------------------忧伤的分割线----------------------
第31页开始爬取，爬取50条数据
爬取第31页数据，并且发送至kafka成功！
--------------------忧伤的分割线----------------------
第32页开始爬取，爬取50条数据
爬取第32页数据，并且发送至kafka成功！
--------------------忧伤的分割线----------------------
第33页开始爬取，爬取50条数据
爬取第33页数据，并且发送至kafka成功！
--------------------忧伤的分割线----------------------
第34页开始爬取，爬取50条数据
爬取第34页数据，并且发送至kafka成功！
--------------------忧伤的分割线----------------------
第35页开始爬取，爬取50条数据
爬取第35页数据，并且发送至kafka成功！
--------------------忧伤的分割线----------------------
第36页开始爬取，爬取50条数据
爬取第36页数据，并且发送至kafka成功！
--------------------忧伤的分割线----------------------
第37页开始爬取，爬取50条数据
爬取第37页数据，并且发送至kafka成功！
--------------------忧伤的分割线----------------------
第38页开始爬取，爬取50条数据
爬取第38页数据，并且发送至kafka成功！
--------------------忧伤的分割线----------------------
第39页开始爬取，爬取50条数据
爬取第39页数据，并且发送至kafka成功！
--------------------忧伤的分割线----------------------
第40页开始爬取，爬取50条数据
爬取第40页数据，并且发送至kafka成功！
--------------------忧伤的分割线----------------------
第41页开始爬取，爬取50条数据
爬取第41页数据，并且发送至kafka成功！
--------------------忧伤的分割线----------------------
第42页开始爬取，爬取50条数据
爬取第42页数据，并且发送至kafka成功！
--------------------忧伤的分割线----------------------
第43页开始爬取，爬取50条数据
爬取第43页数据，并且发送至kafka成功！
--------------------忧伤的分割线----------------------
第44页开始爬取，爬取50条数据
爬取第44页数据，并且发送至kafka成功！
--------------------忧伤的分割线----------------------
第45页开始爬取，爬取50条数据
爬取第45页数据，并且发送至kafka成功！
--------------------忧伤的分割线----------------------
第46页开始爬取，爬取50条数据
爬取第46页数据，并且发送至kafka成功！
--------------------忧伤的分割线----------------------
第47页开始爬取，爬取50条数据
爬取第47页数据，并且发送至kafka成功！
--------------------忧伤的分割线----------------------
第48页开始爬取，爬取50条数据
爬取第48页数据，并且发送至kafka成功！
--------------------忧伤的分割线----------------------
第49页开始爬取，爬取50条数据
爬取第49页数据，并且发送至kafka成功！
--------------------忧伤的分割线----------------------
第50页开始爬取，爬取50条数据
爬取第50页数据，并且发送至kafka成功！
--------------------忧伤的分割线----------------------
第51页开始爬取，爬取50条数据
爬取第51页数据，并且发送至kafka成功！
--------------------忧伤的分割线----------------------
第52页开始爬取，爬取50条数据
爬取第52页数据，并且发送至kafka成功！
--------------------忧伤的分割线----------------------
第53页开始爬取，爬取50条数据
爬取第53页数据，并且发送至kafka成功！
--------------------忧伤的分割线----------------------
第54页开始爬取，爬取50条数据
爬取第54页数据，并且发送至kafka成功！
--------------------忧伤的分割线----------------------
第55页开始爬取，爬取50条数据
爬取第55页数据，并且发送至kafka成功！
--------------------忧伤的分割线----------------------
第56页开始爬取，爬取50条数据
爬取第56页数据，并且发送至kafka成功！
--------------------忧伤的分割线----------------------
第57页开始爬取，爬取50条数据
爬取第57页数据，并且发送至kafka成功！
--------------------忧伤的分割线----------------------
第58页开始爬取，爬取50条数据
爬取第58页数据，并且发送至kafka成功！
--------------------忧伤的分割线----------------------
第59页开始爬取，爬取50条数据
爬取第59页数据，并且发送至kafka成功！
--------------------忧伤的分割线----------------------
第60页开始爬取，爬取50条数据
爬取第60页数据，并且发送至kafka成功！
--------------------忧伤的分割线----------------------
第61页开始爬取，爬取50条数据
爬取第61页数据，并且发送至kafka成功！
--------------------忧伤的分割线----------------------
第62页开始爬取，爬取50条数据
爬取第62页数据，并且发送至kafka成功！
--------------------忧伤的分割线----------------------
第63页开始爬取，爬取50条数据
爬取第63页数据，并且发送至kafka成功！
--------------------忧伤的分割线----------------------
第64页开始爬取，爬取50条数据
爬取第64页数据，并且发送至kafka成功！
--------------------忧伤的分割线----------------------
第65页开始爬取，爬取50条数据
爬取第65页数据，并且发送至kafka成功！
--------------------忧伤的分割线----------------------
第66页开始爬取，爬取50条数据
爬取第66页数据，并且发送至kafka成功！
--------------------忧伤的分割线----------------------
第67页开始爬取，爬取50条数据
爬取第67页数据，并且发送至kafka成功！
--------------------忧伤的分割线----------------------
第68页开始爬取，爬取50条数据
爬取第68页数据，并且发送至kafka成功！
--------------------忧伤的分割线----------------------
第69页开始爬取，爬取50条数据
爬取第69页数据，并且发送至kafka成功！
--------------------忧伤的分割线----------------------
第70页开始爬取，爬取50条数据
爬取第70页数据，并且发送至kafka成功！
--------------------忧伤的分割线----------------------
第71页开始爬取，爬取50条数据
爬取第71页数据，并且发送至kafka成功！
--------------------忧伤的分割线----------------------
第72页开始爬取，爬取50条数据
爬取第72页数据，并且发送至kafka成功！
--------------------忧伤的分割线----------------------
第73页开始爬取，爬取50条数据
爬取第73页数据，并且发送至kafka成功！
--------------------忧伤的分割线----------------------
第74页开始爬取，爬取50条数据
爬取第74页数据，并且发送至kafka成功！
--------------------忧伤的分割线----------------------
第75页开始爬取，爬取50条数据
爬取第75页数据，并且发送至kafka成功！
--------------------忧伤的分割线----------------------
第76页开始爬取，爬取50条数据
爬取第76页数据，并且发送至kafka成功！
--------------------忧伤的分割线----------------------
第77页开始爬取，爬取50条数据
爬取第77页数据，并且发送至kafka成功！
--------------------忧伤的分割线----------------------
第78页开始爬取，爬取50条数据
爬取第78页数据，并且发送至kafka成功！
--------------------忧伤的分割线----------------------
第79页开始爬取，爬取50条数据
爬取第79页数据，并且发送至kafka成功！
--------------------忧伤的分割线----------------------
第80页开始爬取，爬取50条数据
爬取第80页数据，并且发送至kafka成功！
--------------------忧伤的分割线----------------------
第81页开始爬取，爬取50条数据
爬取第81页数据，并且发送至kafka成功！
--------------------忧伤的分割线----------------------
第82页开始爬取，爬取50条数据
爬取第82页数据，并且发送至kafka成功！
--------------------忧伤的分割线----------------------
第83页开始爬取，爬取50条数据
爬取第83页数据，并且发送至kafka成功！
--------------------忧伤的分割线----------------------
第84页开始爬取，爬取50条数据
爬取第84页数据，并且发送至kafka成功！
--------------------忧伤的分割线----------------------
第85页开始爬取，爬取50条数据
爬取第85页数据，并且发送至kafka成功！
--------------------忧伤的分割线----------------------
第86页开始爬取，爬取50条数据
爬取第86页数据，并且发送至kafka成功！
--------------------忧伤的分割线----------------------
第87页开始爬取，爬取50条数据
爬取第87页数据，并且发送至kafka成功！
--------------------忧伤的分割线----------------------
第88页开始爬取，爬取50条数据
爬取第88页数据，并且发送至kafka成功！
--------------------忧伤的分割线----------------------
第89页开始爬取，爬取50条数据
爬取第89页数据，并且发送至kafka成功！
--------------------忧伤的分割线----------------------
第90页开始爬取，爬取50条数据
爬取第90页数据，并且发送至kafka成功！
--------------------忧伤的分割线----------------------
第91页开始爬取，爬取50条数据
爬取第91页数据，并且发送至kafka成功！
--------------------忧伤的分割线----------------------
第92页开始爬取，爬取50条数据
爬取第92页数据，并且发送至kafka成功！
--------------------忧伤的分割线----------------------
第93页开始爬取，爬取50条数据
爬取第93页数据，并且发送至kafka成功！
--------------------忧伤的分割线----------------------
第94页开始爬取，爬取50条数据
爬取第94页数据，并且发送至kafka成功！
--------------------忧伤的分割线----------------------
第95页开始爬取，爬取50条数据
爬取第95页数据，并且发送至kafka成功！
--------------------忧伤的分割线----------------------
第96页开始爬取，爬取50条数据
爬取第96页数据，并且发送至kafka成功！
--------------------忧伤的分割线----------------------
第97页开始爬取，爬取50条数据
爬取第97页数据，并且发送至kafka成功！
--------------------忧伤的分割线----------------------
第98页开始爬取，爬取50条数据
爬取第98页数据，并且发送至kafka成功！
--------------------忧伤的分割线----------------------
第99页开始爬取，爬取50条数据
爬取第99页数据，并且发送至kafka成功！
--------------------忧伤的分割线----------------------
第100页开始爬取，爬取50条数据
爬取第100页数据，并且发送至kafka成功！
--------------------忧伤的分割线----------------------
第101页开始爬取，爬取50条数据
爬取第101页数据，并且发送至kafka成功！
--------------------忧伤的分割线----------------------
第102页开始爬取，爬取50条数据
爬取第102页数据，并且发送至kafka成功！
--------------------忧伤的分割线----------------------
第103页开始爬取，爬取50条数据
爬取第103页数据，并且发送至kafka成功！
--------------------忧伤的分割线----------------------
第104页开始爬取，爬取50条数据
爬取第104页数据，并且发送至kafka成功！
--------------------忧伤的分割线----------------------
第105页开始爬取，爬取50条数据
爬取第105页数据，并且发送至kafka成功！
--------------------忧伤的分割线----------------------
第106页开始爬取，爬取50条数据
爬取第106页数据，并且发送至kafka成功！
--------------------忧伤的分割线----------------------
第107页开始爬取，爬取50条数据
爬取第107页数据，并且发送至kafka成功！
--------------------忧伤的分割线----------------------
第108页开始爬取，爬取50条数据
爬取第108页数据，并且发送至kafka成功！
--------------------忧伤的分割线----------------------
第109页开始爬取，爬取50条数据
爬取第109页数据，并且发送至kafka成功！
--------------------忧伤的分割线----------------------
第110页开始爬取，爬取50条数据
爬取第110页数据，并且发送至kafka成功！
--------------------忧伤的分割线----------------------
第111页开始爬取，爬取50条数据
爬取第111页数据，并且发送至kafka成功！
--------------------忧伤的分割线----------------------
第112页开始爬取，爬取50条数据
爬取第112页数据，并且发送至kafka成功！
--------------------忧伤的分割线----------------------
第113页开始爬取，爬取50条数据
爬取第113页数据，并且发送至kafka成功！
--------------------忧伤的分割线----------------------
第114页开始爬取，爬取50条数据
爬取第114页数据，并且发送至kafka成功！
--------------------忧伤的分割线----------------------
第115页开始爬取，爬取50条数据
爬取第115页数据，并且发送至kafka成功！
--------------------忧伤的分割线----------------------
第116页开始爬取，爬取50条数据
爬取第116页数据，并且发送至kafka成功！
--------------------忧伤的分割线----------------------
第117页开始爬取，爬取50条数据
爬取第117页数据，并且发送至kafka成功！
--------------------忧伤的分割线----------------------
第118页开始爬取，爬取50条数据
爬取第118页数据，并且发送至kafka成功！
--------------------忧伤的分割线----------------------
第119页开始爬取，爬取50条数据
爬取第119页数据，并且发送至kafka成功！
--------------------忧伤的分割线----------------------
第120页开始爬取，爬取50条数据
爬取第120页数据，并且发送至kafka成功！
--------------------忧伤的分割线----------------------
第121页开始爬取，爬取50条数据
爬取第121页数据，并且发送至kafka成功！
--------------------忧伤的分割线----------------------
第122页开始爬取，爬取50条数据
爬取第122页数据，并且发送至kafka成功！
--------------------忧伤的分割线----------------------
第123页开始爬取，爬取50条数据
爬取第123页数据，并且发送至kafka成功！
--------------------忧伤的分割线----------------------
第124页开始爬取，爬取50条数据
爬取第124页数据，并且发送至kafka成功！
--------------------忧伤的分割线----------------------
第125页开始爬取，爬取50条数据
爬取第125页数据，并且发送至kafka成功！
--------------------忧伤的分割线----------------------
第126页开始爬取，爬取50条数据
爬取第126页数据，并且发送至kafka成功！
--------------------忧伤的分割线----------------------
第127页开始爬取，爬取50条数据
爬取第127页数据，并且发送至kafka成功！
--------------------忧伤的分割线----------------------
第128页开始爬取，爬取50条数据
爬取第128页数据，并且发送至kafka成功！
--------------------忧伤的分割线----------------------
第129页开始爬取，爬取50条数据
爬取第129页数据，并且发送至kafka成功！
--------------------忧伤的分割线----------------------
第130页开始爬取，爬取50条数据
爬取第130页数据，并且发送至kafka成功！
--------------------忧伤的分割线----------------------
第131页开始爬取，爬取50条数据
爬取第131页数据，并且发送至kafka成功！
--------------------忧伤的分割线----------------------
第132页开始爬取，爬取50条数据
爬取第132页数据，并且发送至kafka成功！
--------------------忧伤的分割线----------------------
第133页开始爬取，爬取50条数据
爬取第133页数据，并且发送至kafka成功！
--------------------忧伤的分割线----------------------
第134页开始爬取，爬取50条数据
爬取第134页数据，并且发送至kafka成功！
--------------------忧伤的分割线----------------------
第135页开始爬取，爬取50条数据
爬取第135页数据，并且发送至kafka成功！
--------------------忧伤的分割线----------------------
第136页开始爬取，爬取50条数据
爬取第136页数据，并且发送至kafka成功！
--------------------忧伤的分割线----------------------
第137页开始爬取，爬取50条数据
爬取第137页数据，并且发送至kafka成功！
--------------------忧伤的分割线----------------------
第138页开始爬取，爬取50条数据
爬取第138页数据，并且发送至kafka成功！
--------------------忧伤的分割线----------------------
第139页开始爬取，爬取50条数据
爬取第139页数据，并且发送至kafka成功！
--------------------忧伤的分割线----------------------
第140页开始爬取，爬取50条数据
爬取第140页数据，并且发送至kafka成功！
--------------------忧伤的分割线----------------------
第141页开始爬取，爬取50条数据
爬取第141页数据，并且发送至kafka成功！
--------------------忧伤的分割线----------------------
第142页开始爬取，爬取50条数据
爬取第142页数据，并且发送至kafka成功！
--------------------忧伤的分割线----------------------
第143页开始爬取，爬取50条数据
爬取第143页数据，并且发送至kafka成功！
--------------------忧伤的分割线----------------------
第144页开始爬取，爬取50条数据
爬取第144页数据，并且发送至kafka成功！
--------------------忧伤的分割线----------------------
第145页开始爬取，爬取50条数据
爬取第145页数据，并且发送至kafka成功！
--------------------忧伤的分割线----------------------
第146页开始爬取，爬取50条数据
爬取第146页数据，并且发送至kafka成功！
--------------------忧伤的分割线----------------------
第147页开始爬取，爬取50条数据
爬取第147页数据，并且发送至kafka成功！
--------------------忧伤的分割线----------------------
第148页开始爬取，爬取50条数据
爬取第148页数据，并且发送至kafka成功！
--------------------忧伤的分割线----------------------
第149页开始爬取，爬取50条数据
爬取第149页数据，并且发送至kafka成功！
--------------------忧伤的分割线----------------------
第150页开始爬取，爬取50条数据
爬取第150页数据，并且发送至kafka成功！
--------------------忧伤的分割线----------------------
第151页开始爬取，爬取50条数据
爬取第151页数据，并且发送至kafka成功！
--------------------忧伤的分割线----------------------
第152页开始爬取，爬取50条数据
爬取第152页数据，并且发送至kafka成功！
--------------------忧伤的分割线----------------------
第153页开始爬取，爬取50条数据
爬取第153页数据，并且发送至kafka成功！
--------------------忧伤的分割线----------------------
第154页开始爬取，爬取50条数据
爬取第154页数据，并且发送至kafka成功！
--------------------忧伤的分割线----------------------
第155页开始爬取，爬取50条数据
爬取第155页数据，并且发送至kafka成功！
--------------------忧伤的分割线----------------------
第156页开始爬取，爬取50条数据
爬取第156页数据，并且发送至kafka成功！
--------------------忧伤的分割线----------------------
第157页开始爬取，爬取50条数据
爬取第157页数据，并且发送至kafka成功！
--------------------忧伤的分割线----------------------
第158页开始爬取，爬取50条数据
爬取第158页数据，并且发送至kafka成功！
--------------------忧伤的分割线----------------------
第159页开始爬取，爬取50条数据
爬取第159页数据，并且发送至kafka成功！
--------------------忧伤的分割线----------------------
第160页开始爬取，爬取50条数据
爬取第160页数据，并且发送至kafka成功！
--------------------忧伤的分割线----------------------
第161页开始爬取，爬取50条数据
爬取第161页数据，并且发送至kafka成功！
--------------------忧伤的分割线----------------------
第162页开始爬取，爬取50条数据
爬取第162页数据，并且发送至kafka成功！
--------------------忧伤的分割线----------------------
第163页开始爬取，爬取50条数据
爬取第163页数据，并且发送至kafka成功！
--------------------忧伤的分割线----------------------
第164页开始爬取，爬取50条数据
爬取第164页数据，并且发送至kafka成功！
--------------------忧伤的分割线----------------------
第165页开始爬取，爬取50条数据
爬取第165页数据，并且发送至kafka成功！
--------------------忧伤的分割线----------------------
第166页开始爬取，爬取50条数据
爬取第166页数据，并且发送至kafka成功！
--------------------忧伤的分割线----------------------
第167页开始爬取，爬取50条数据
爬取第167页数据，并且发送至kafka成功！
--------------------忧伤的分割线----------------------
第168页开始爬取，爬取50条数据
爬取第168页数据，并且发送至kafka成功！
--------------------忧伤的分割线----------------------
第169页开始爬取，爬取50条数据
爬取第169页数据，并且发送至kafka成功！
--------------------忧伤的分割线----------------------
第170页开始爬取，爬取50条数据
爬取第170页数据，并且发送至kafka成功！
--------------------忧伤的分割线----------------------
第171页开始爬取，爬取50条数据
爬取第171页数据，并且发送至kafka成功！
--------------------忧伤的分割线----------------------
第172页开始爬取，爬取50条数据
爬取第172页数据，并且发送至kafka成功！
--------------------忧伤的分割线----------------------
第173页开始爬取，爬取50条数据
爬取第173页数据，并且发送至kafka成功！
--------------------忧伤的分割线----------------------
第174页开始爬取，爬取50条数据
爬取第174页数据，并且发送至kafka成功！
--------------------忧伤的分割线----------------------
第175页开始爬取，爬取50条数据
爬取第175页数据，并且发送至kafka成功！
--------------------忧伤的分割线----------------------
第176页开始爬取，爬取50条数据
爬取第176页数据，并且发送至kafka成功！
--------------------忧伤的分割线----------------------
第177页开始爬取，爬取50条数据
爬取第177页数据，并且发送至kafka成功！
--------------------忧伤的分割线----------------------
第178页开始爬取，爬取50条数据
爬取第178页数据，并且发送至kafka成功！
--------------------忧伤的分割线----------------------
第179页开始爬取，爬取50条数据
爬取第179页数据，并且发送至kafka成功！
--------------------忧伤的分割线----------------------
第180页开始爬取，爬取50条数据
爬取第180页数据，并且发送至kafka成功！
--------------------忧伤的分割线----------------------
第181页开始爬取，爬取50条数据
爬取第181页数据，并且发送至kafka成功！
--------------------忧伤的分割线----------------------
第182页开始爬取，爬取50条数据
爬取第182页数据，并且发送至kafka成功！
--------------------忧伤的分割线----------------------
第183页开始爬取，爬取50条数据
爬取第183页数据，并且发送至kafka成功！
--------------------忧伤的分割线----------------------
第184页开始爬取，爬取50条数据
爬取第184页数据，并且发送至kafka成功！
--------------------忧伤的分割线----------------------
第185页开始爬取，爬取50条数据
爬取第185页数据，并且发送至kafka成功！
--------------------忧伤的分割线----------------------
第186页开始爬取，爬取50条数据
爬取第186页数据，并且发送至kafka成功！
--------------------忧伤的分割线----------------------
第187页开始爬取，爬取50条数据
爬取第187页数据，并且发送至kafka成功！
--------------------忧伤的分割线----------------------
第188页开始爬取，爬取50条数据
爬取第188页数据，并且发送至kafka成功！
--------------------忧伤的分割线----------------------
第189页开始爬取，爬取50条数据
爬取第189页数据，并且发送至kafka成功！
--------------------忧伤的分割线----------------------
第190页开始爬取，爬取50条数据
爬取第190页数据，并且发送至kafka成功！
--------------------忧伤的分割线----------------------
第191页开始爬取，爬取50条数据
爬取第191页数据，并且发送至kafka成功！
--------------------忧伤的分割线----------------------
第192页开始爬取，爬取50条数据
爬取第192页数据，并且发送至kafka成功！
--------------------忧伤的分割线----------------------
第193页开始爬取，爬取50条数据
爬取第193页数据，并且发送至kafka成功！
--------------------忧伤的分割线----------------------
第194页开始爬取，爬取50条数据
爬取第194页数据，并且发送至kafka成功！
--------------------忧伤的分割线----------------------
第195页开始爬取，爬取50条数据
爬取第195页数据，并且发送至kafka成功！
--------------------忧伤的分割线----------------------
第196页开始爬取，爬取50条数据
爬取第196页数据，并且发送至kafka成功！
--------------------忧伤的分割线----------------------
第197页开始爬取，爬取50条数据
爬取第197页数据，并且发送至kafka成功！
--------------------忧伤的分割线----------------------
第198页开始爬取，爬取50条数据
爬取第198页数据，并且发送至kafka成功！
--------------------忧伤的分割线----------------------
第199页开始爬取，爬取50条数据
爬取第199页数据，并且发送至kafka成功！
--------------------忧伤的分割线----------------------
第200页开始爬取，爬取50条数据
爬取第200页数据，并且发送至kafka成功！
--------------------忧伤的分割线----------------------
第201页开始爬取，爬取50条数据
爬取第201页数据，并且发送至kafka成功！
--------------------忧伤的分割线----------------------
第202页开始爬取，爬取50条数据
爬取第202页数据，并且发送至kafka成功！
--------------------忧伤的分割线----------------------
第203页开始爬取，爬取50条数据
爬取第203页数据，并且发送至kafka成功！
--------------------忧伤的分割线----------------------
第204页开始爬取，爬取50条数据
爬取第204页数据，并且发送至kafka成功！
--------------------忧伤的分割线----------------------
第205页开始爬取，爬取50条数据
爬取第205页数据，并且发送至kafka成功！
--------------------忧伤的分割线----------------------
第206页开始爬取，爬取50条数据
爬取第206页数据，并且发送至kafka成功！
--------------------忧伤的分割线----------------------
第207页开始爬取，爬取50条数据
爬取第207页数据，并且发送至kafka成功！
--------------------忧伤的分割线----------------------
第208页开始爬取，爬取50条数据
爬取第208页数据，并且发送至kafka成功！
--------------------忧伤的分割线----------------------
第209页开始爬取，爬取50条数据
爬取第209页数据，并且发送至kafka成功！
--------------------忧伤的分割线----------------------
第210页开始爬取，爬取50条数据
爬取第210页数据，并且发送至kafka成功！
--------------------忧伤的分割线----------------------
第211页开始爬取，爬取50条数据
爬取第211页数据，并且发送至kafka成功！
--------------------忧伤的分割线----------------------
第212页开始爬取，爬取50条数据
爬取第212页数据，并且发送至kafka成功！
--------------------忧伤的分割线----------------------
第213页开始爬取，爬取50条数据
爬取第213页数据，并且发送至kafka成功！
--------------------忧伤的分割线----------------------
第214页开始爬取，爬取50条数据
爬取第214页数据，并且发送至kafka成功！
--------------------忧伤的分割线----------------------
第215页开始爬取，爬取50条数据
爬取第215页数据，并且发送至kafka成功！
--------------------忧伤的分割线----------------------
第216页开始爬取，爬取50条数据
爬取第216页数据，并且发送至kafka成功！
--------------------忧伤的分割线----------------------
第217页开始爬取，爬取50条数据
爬取第217页数据，并且发送至kafka成功！
--------------------忧伤的分割线----------------------
第218页开始爬取，爬取50条数据
爬取第218页数据，并且发送至kafka成功！
--------------------忧伤的分割线----------------------
第219页开始爬取，爬取50条数据
爬取第219页数据，并且发送至kafka成功！
--------------------忧伤的分割线----------------------
第220页开始爬取，爬取50条数据
爬取第220页数据，并且发送至kafka成功！
--------------------忧伤的分割线----------------------
第221页开始爬取，爬取50条数据
爬取第221页数据，并且发送至kafka成功！
--------------------忧伤的分割线----------------------
第222页开始爬取，爬取50条数据
爬取第222页数据，并且发送至kafka成功！
--------------------忧伤的分割线----------------------
第223页开始爬取，爬取50条数据
爬取第223页数据，并且发送至kafka成功！
--------------------忧伤的分割线----------------------
第224页开始爬取，爬取50条数据
爬取第224页数据，并且发送至kafka成功！
--------------------忧伤的分割线----------------------
第225页开始爬取，爬取50条数据
爬取第225页数据，并且发送至kafka成功！
--------------------忧伤的分割线----------------------
第226页开始爬取，爬取50条数据
爬取第226页数据，并且发送至kafka成功！
--------------------忧伤的分割线----------------------
第227页开始爬取，爬取50条数据
爬取第227页数据，并且发送至kafka成功！
--------------------忧伤的分割线----------------------
第228页开始爬取，爬取50条数据
爬取第228页数据，并且发送至kafka成功！
--------------------忧伤的分割线----------------------
第229页开始爬取，爬取50条数据
爬取第229页数据，并且发送至kafka成功！
--------------------忧伤的分割线----------------------
第230页开始爬取，爬取50条数据
爬取第230页数据，并且发送至kafka成功！
--------------------忧伤的分割线----------------------
第231页开始爬取，爬取50条数据
爬取第231页数据，并且发送至kafka成功！
--------------------忧伤的分割线----------------------
第232页开始爬取，爬取50条数据
爬取第232页数据，并且发送至kafka成功！
--------------------忧伤的分割线----------------------
第233页开始爬取，爬取50条数据
爬取第233页数据，并且发送至kafka成功！
--------------------忧伤的分割线----------------------
第234页开始爬取，爬取50条数据
爬取第234页数据，并且发送至kafka成功！
--------------------忧伤的分割线----------------------
第235页开始爬取，爬取50条数据
爬取第235页数据，并且发送至kafka成功！
--------------------忧伤的分割线----------------------
第236页开始爬取，爬取50条数据
爬取第236页数据，并且发送至kafka成功！
--------------------忧伤的分割线----------------------
第237页开始爬取，爬取50条数据
爬取第237页数据，并且发送至kafka成功！
--------------------忧伤的分割线----------------------
第238页开始爬取，爬取50条数据
爬取第238页数据，并且发送至kafka成功！
--------------------忧伤的分割线----------------------
第239页开始爬取，爬取50条数据
爬取第239页数据，并且发送至kafka成功！
--------------------忧伤的分割线----------------------
第240页开始爬取，爬取50条数据
爬取第240页数据，并且发送至kafka成功！
--------------------忧伤的分割线----------------------
第241页开始爬取，爬取50条数据
爬取第241页数据，并且发送至kafka成功！
--------------------忧伤的分割线----------------------
第242页开始爬取，爬取50条数据
爬取第242页数据，并且发送至kafka成功！
--------------------忧伤的分割线----------------------
第243页开始爬取，爬取50条数据
爬取第243页数据，并且发送至kafka成功！
--------------------忧伤的分割线----------------------
第244页开始爬取，爬取50条数据
爬取第244页数据，并且发送至kafka成功！
--------------------忧伤的分割线----------------------
第245页开始爬取，爬取50条数据
爬取第245页数据，并且发送至kafka成功！
--------------------忧伤的分割线----------------------
第246页开始爬取，爬取50条数据
爬取第246页数据，并且发送至kafka成功！
--------------------忧伤的分割线----------------------
第247页开始爬取，爬取50条数据
爬取第247页数据，并且发送至kafka成功！
--------------------忧伤的分割线----------------------
第248页开始爬取，爬取50条数据
爬取第248页数据，并且发送至kafka成功！
--------------------忧伤的分割线----------------------
第249页开始爬取，爬取50条数据
爬取第249页数据，并且发送至kafka成功！
--------------------忧伤的分割线----------------------
第250页开始爬取，爬取50条数据
爬取第250页数据，并且发送至kafka成功！
--------------------忧伤的分割线----------------------
第251页开始爬取，爬取50条数据
爬取第251页数据，并且发送至kafka成功！
--------------------忧伤的分割线----------------------
第252页开始爬取，爬取50条数据
爬取第252页数据，并且发送至kafka成功！
--------------------忧伤的分割线----------------------
第253页开始爬取，爬取50条数据
爬取第253页数据，并且发送至kafka成功！
--------------------忧伤的分割线----------------------
第254页开始爬取，爬取50条数据
爬取第254页数据，并且发送至kafka成功！
--------------------忧伤的分割线----------------------
第255页开始爬取，爬取50条数据
爬取第255页数据，并且发送至kafka成功！
--------------------忧伤的分割线----------------------
第256页开始爬取，爬取50条数据
爬取第256页数据，并且发送至kafka成功！
--------------------忧伤的分割线----------------------
第257页开始爬取，爬取50条数据
爬取第257页数据，并且发送至kafka成功！
--------------------忧伤的分割线----------------------
第258页开始爬取，爬取50条数据
爬取第258页数据，并且发送至kafka成功！
--------------------忧伤的分割线----------------------
第259页开始爬取，爬取50条数据
爬取第259页数据，并且发送至kafka成功！
--------------------忧伤的分割线----------------------
第260页开始爬取，爬取50条数据
爬取第260页数据，并且发送至kafka成功！
--------------------忧伤的分割线----------------------
第261页开始爬取，爬取50条数据
爬取第261页数据，并且发送至kafka成功！
--------------------忧伤的分割线----------------------
第262页开始爬取，爬取50条数据
爬取第262页数据，并且发送至kafka成功！
--------------------忧伤的分割线----------------------
第263页开始爬取，爬取50条数据
爬取第263页数据，并且发送至kafka成功！
--------------------忧伤的分割线----------------------
第264页开始爬取，爬取50条数据
爬取第264页数据，并且发送至kafka成功！
--------------------忧伤的分割线----------------------
第265页开始爬取，爬取50条数据
爬取第265页数据，并且发送至kafka成功！
--------------------忧伤的分割线----------------------
第266页开始爬取，爬取50条数据
爬取第266页数据，并且发送至kafka成功！
--------------------忧伤的分割线----------------------
第267页开始爬取，爬取50条数据
爬取第267页数据，并且发送至kafka成功！
--------------------忧伤的分割线----------------------
第268页开始爬取，爬取50条数据
爬取第268页数据，并且发送至kafka成功！
--------------------忧伤的分割线----------------------
第269页开始爬取，爬取50条数据
爬取第269页数据，并且发送至kafka成功！
--------------------忧伤的分割线----------------------
第270页开始爬取，爬取50条数据
爬取第270页数据，并且发送至kafka成功！
--------------------忧伤的分割线----------------------
第271页开始爬取，爬取50条数据
爬取第271页数据，并且发送至kafka成功！
--------------------忧伤的分割线----------------------
第272页开始爬取，爬取50条数据
爬取第272页数据，并且发送至kafka成功！
--------------------忧伤的分割线----------------------
第273页开始爬取，爬取50条数据
爬取第273页数据，并且发送至kafka成功！
--------------------忧伤的分割线----------------------
第274页开始爬取，爬取50条数据
爬取第274页数据，并且发送至kafka成功！
--------------------忧伤的分割线----------------------
第275页开始爬取，爬取50条数据
爬取第275页数据，并且发送至kafka成功！
--------------------忧伤的分割线----------------------
第276页开始爬取，爬取50条数据
爬取第276页数据，并且发送至kafka成功！
--------------------忧伤的分割线----------------------
第277页开始爬取，爬取50条数据
爬取第277页数据，并且发送至kafka成功！
--------------------忧伤的分割线----------------------
第278页开始爬取，爬取50条数据
爬取第278页数据，并且发送至kafka成功！
--------------------忧伤的分割线----------------------
第279页开始爬取，爬取50条数据
爬取第279页数据，并且发送至kafka成功！
--------------------忧伤的分割线----------------------
第280页开始爬取，爬取50条数据
爬取第280页数据，并且发送至kafka成功！
--------------------忧伤的分割线----------------------
第281页开始爬取，爬取50条数据
爬取第281页数据，并且发送至kafka成功！
--------------------忧伤的分割线----------------------
第282页开始爬取，爬取50条数据
爬取第282页数据，并且发送至kafka成功！
--------------------忧伤的分割线----------------------
第283页开始爬取，爬取50条数据
爬取第283页数据，并且发送至kafka成功！
--------------------忧伤的分割线----------------------
第284页开始爬取，爬取50条数据
爬取第284页数据，并且发送至kafka成功！
--------------------忧伤的分割线----------------------
第285页开始爬取，爬取50条数据
爬取第285页数据，并且发送至kafka成功！
--------------------忧伤的分割线----------------------
第286页开始爬取，爬取50条数据
爬取第286页数据，并且发送至kafka成功！
--------------------忧伤的分割线----------------------
第287页开始爬取，爬取50条数据
爬取第287页数据，并且发送至kafka成功！
--------------------忧伤的分割线----------------------
第288页开始爬取，爬取50条数据
爬取第288页数据，并且发送至kafka成功！
--------------------忧伤的分割线----------------------
第289页开始爬取，爬取50条数据
爬取第289页数据，并且发送至kafka成功！
--------------------忧伤的分割线----------------------
第290页开始爬取，爬取50条数据
爬取第290页数据，并且发送至kafka成功！
--------------------忧伤的分割线----------------------
第291页开始爬取，爬取50条数据
爬取第291页数据，并且发送至kafka成功！
--------------------忧伤的分割线----------------------
第292页开始爬取，爬取50条数据
爬取第292页数据，并且发送至kafka成功！
--------------------忧伤的分割线----------------------
第293页开始爬取，爬取50条数据
爬取第293页数据，并且发送至kafka成功！
--------------------忧伤的分割线----------------------
第294页开始爬取，爬取50条数据
爬取第294页数据，并且发送至kafka成功！
--------------------忧伤的分割线----------------------
第295页开始爬取，爬取50条数据
爬取第295页数据，并且发送至kafka成功！
--------------------忧伤的分割线----------------------
第296页开始爬取，爬取50条数据
爬取第296页数据，并且发送至kafka成功！
--------------------忧伤的分割线----------------------
第297页开始爬取，爬取50条数据
爬取第297页数据，并且发送至kafka成功！
--------------------忧伤的分割线----------------------
第298页开始爬取，爬取50条数据
爬取第298页数据，并且发送至kafka成功！
--------------------忧伤的分割线----------------------
第299页开始爬取，爬取50条数据
爬取第299页数据，并且发送至kafka成功！
--------------------忧伤的分割线----------------------
第300页开始爬取，爬取50条数据
爬取第300页数据，并且发送至kafka成功！
--------------------忧伤的分割线----------------------
第301页开始爬取，爬取50条数据
爬取第301页数据，并且发送至kafka成功！
--------------------忧伤的分割线----------------------
第302页开始爬取，爬取50条数据
爬取第302页数据，并且发送至kafka成功！
--------------------忧伤的分割线----------------------
第303页开始爬取，爬取50条数据
爬取第303页数据，并且发送至kafka成功！
--------------------忧伤的分割线----------------------
第304页开始爬取，爬取50条数据
爬取第304页数据，并且发送至kafka成功！
--------------------忧伤的分割线----------------------
第305页开始爬取，爬取50条数据
爬取第305页数据，并且发送至kafka成功！
--------------------忧伤的分割线----------------------
第306页开始爬取，爬取50条数据
爬取第306页数据，并且发送至kafka成功！
--------------------忧伤的分割线----------------------
第307页开始爬取，爬取50条数据
爬取第307页数据，并且发送至kafka成功！
--------------------忧伤的分割线----------------------
第308页开始爬取，爬取50条数据
爬取第308页数据，并且发送至kafka成功！
--------------------忧伤的分割线----------------------
第309页开始爬取，爬取50条数据
爬取第309页数据，并且发送至kafka成功！
--------------------忧伤的分割线----------------------
第310页开始爬取，爬取50条数据
爬取第310页数据，并且发送至kafka成功！
--------------------忧伤的分割线----------------------
第311页开始爬取，爬取50条数据
爬取第311页数据，并且发送至kafka成功！
--------------------忧伤的分割线----------------------
第312页开始爬取，爬取50条数据
爬取第312页数据，并且发送至kafka成功！
--------------------忧伤的分割线----------------------
第313页开始爬取，爬取50条数据
爬取第313页数据，并且发送至kafka成功！
--------------------忧伤的分割线----------------------
第314页开始爬取，爬取50条数据
爬取第314页数据，并且发送至kafka成功！
--------------------忧伤的分割线----------------------
第315页开始爬取，爬取50条数据
爬取第315页数据，并且发送至kafka成功！
--------------------忧伤的分割线----------------------
第316页开始爬取，爬取50条数据
爬取第316页数据，并且发送至kafka成功！
--------------------忧伤的分割线----------------------
第317页开始爬取，爬取50条数据
爬取第317页数据，并且发送至kafka成功！
--------------------忧伤的分割线----------------------
第318页开始爬取，爬取50条数据
爬取第318页数据，并且发送至kafka成功！
--------------------忧伤的分割线----------------------
第319页开始爬取，爬取50条数据
爬取第319页数据，并且发送至kafka成功！
--------------------忧伤的分割线----------------------
第320页开始爬取，爬取50条数据
爬取第320页数据，并且发送至kafka成功！
--------------------忧伤的分割线----------------------
第321页开始爬取，爬取50条数据
爬取第321页数据，并且发送至kafka成功！
--------------------忧伤的分割线----------------------
第322页开始爬取，爬取50条数据
爬取第322页数据，并且发送至kafka成功！
--------------------忧伤的分割线----------------------
第323页开始爬取，爬取50条数据
爬取第323页数据，并且发送至kafka成功！
--------------------忧伤的分割线----------------------
第324页开始爬取，爬取50条数据
爬取第324页数据，并且发送至kafka成功！
--------------------忧伤的分割线----------------------
第325页开始爬取，爬取50条数据
爬取第325页数据，并且发送至kafka成功！
--------------------忧伤的分割线----------------------
第326页开始爬取，爬取50条数据
爬取第326页数据，并且发送至kafka成功！
--------------------忧伤的分割线----------------------
第327页开始爬取，爬取50条数据
爬取第327页数据，并且发送至kafka成功！
--------------------忧伤的分割线----------------------
第328页开始爬取，爬取50条数据
爬取第328页数据，并且发送至kafka成功！
--------------------忧伤的分割线----------------------
第329页开始爬取，爬取50条数据
爬取第329页数据，并且发送至kafka成功！
--------------------忧伤的分割线----------------------
第330页开始爬取，爬取50条数据
爬取第330页数据，并且发送至kafka成功！
--------------------忧伤的分割线----------------------
第331页开始爬取，爬取50条数据
爬取第331页数据，并且发送至kafka成功！
--------------------忧伤的分割线----------------------
第332页开始爬取，爬取50条数据
爬取第332页数据，并且发送至kafka成功！
--------------------忧伤的分割线----------------------
第333页开始爬取，爬取50条数据
爬取第333页数据，并且发送至kafka成功！
--------------------忧伤的分割线----------------------
第334页开始爬取，爬取50条数据
爬取第334页数据，并且发送至kafka成功！
--------------------忧伤的分割线----------------------
第335页开始爬取，爬取50条数据
爬取第335页数据，并且发送至kafka成功！
--------------------忧伤的分割线----------------------
第336页开始爬取，爬取50条数据
爬取第336页数据，并且发送至kafka成功！
--------------------忧伤的分割线----------------------
第337页开始爬取，爬取50条数据
爬取第337页数据，并且发送至kafka成功！
--------------------忧伤的分割线----------------------
第338页开始爬取，爬取50条数据
爬取第338页数据，并且发送至kafka成功！
--------------------忧伤的分割线----------------------
第339页开始爬取，爬取50条数据
爬取第339页数据，并且发送至kafka成功！
--------------------忧伤的分割线----------------------
第340页开始爬取，爬取50条数据
爬取第340页数据，并且发送至kafka成功！
--------------------忧伤的分割线----------------------
第341页开始爬取，爬取50条数据
爬取第341页数据，并且发送至kafka成功！
--------------------忧伤的分割线----------------------
第342页开始爬取，爬取50条数据
爬取第342页数据，并且发送至kafka成功！
--------------------忧伤的分割线----------------------
第343页开始爬取，爬取50条数据
爬取第343页数据，并且发送至kafka成功！
--------------------忧伤的分割线----------------------
第344页开始爬取，爬取50条数据
爬取第344页数据，并且发送至kafka成功！
--------------------忧伤的分割线----------------------
第345页开始爬取，爬取50条数据
爬取第345页数据，并且发送至kafka成功！
--------------------忧伤的分割线----------------------
第346页开始爬取，爬取50条数据
爬取第346页数据，并且发送至kafka成功！
--------------------忧伤的分割线----------------------
第347页开始爬取，爬取50条数据
爬取第347页数据，并且发送至kafka成功！
--------------------忧伤的分割线----------------------
第348页开始爬取，爬取50条数据
爬取第348页数据，并且发送至kafka成功！
--------------------忧伤的分割线----------------------
第349页开始爬取，爬取50条数据
爬取第349页数据，并且发送至kafka成功！
--------------------忧伤的分割线----------------------
第350页开始爬取，爬取50条数据
爬取第350页数据，并且发送至kafka成功！
--------------------忧伤的分割线----------------------
第351页开始爬取，爬取50条数据
爬取第351页数据，并且发送至kafka成功！
--------------------忧伤的分割线----------------------
第352页开始爬取，爬取50条数据
爬取第352页数据，并且发送至kafka成功！
--------------------忧伤的分割线----------------------
第353页开始爬取，爬取50条数据
爬取第353页数据，并且发送至kafka成功！
--------------------忧伤的分割线----------------------
第354页开始爬取，爬取50条数据
爬取第354页数据，并且发送至kafka成功！
--------------------忧伤的分割线----------------------
第355页开始爬取，爬取50条数据
爬取第355页数据，并且发送至kafka成功！
--------------------忧伤的分割线----------------------
第356页开始爬取，爬取50条数据
爬取第356页数据，并且发送至kafka成功！
--------------------忧伤的分割线----------------------
第357页开始爬取，爬取50条数据
爬取第357页数据，并且发送至kafka成功！
--------------------忧伤的分割线----------------------
第358页开始爬取，爬取50条数据
爬取第358页数据，并且发送至kafka成功！
--------------------忧伤的分割线----------------------
第359页开始爬取，爬取50条数据
爬取第359页数据，并且发送至kafka成功！
--------------------忧伤的分割线----------------------
第360页开始爬取，爬取50条数据
爬取第360页数据，并且发送至kafka成功！
--------------------忧伤的分割线----------------------
第361页开始爬取，爬取50条数据
爬取第361页数据，并且发送至kafka成功！
--------------------忧伤的分割线----------------------
第362页开始爬取，爬取50条数据
爬取第362页数据，并且发送至kafka成功！
--------------------忧伤的分割线----------------------
第363页开始爬取，爬取50条数据
爬取第363页数据，并且发送至kafka成功！
--------------------忧伤的分割线----------------------
第364页开始爬取，爬取50条数据
爬取第364页数据，并且发送至kafka成功！
--------------------忧伤的分割线----------------------
第365页开始爬取，爬取50条数据
爬取第365页数据，并且发送至kafka成功！
--------------------忧伤的分割线----------------------
第366页开始爬取，爬取50条数据
爬取第366页数据，并且发送至kafka成功！
--------------------忧伤的分割线----------------------
第367页开始爬取，爬取50条数据
爬取第367页数据，并且发送至kafka成功！
--------------------忧伤的分割线----------------------
第368页开始爬取，爬取50条数据
爬取第368页数据，并且发送至kafka成功！
--------------------忧伤的分割线----------------------
第369页开始爬取，爬取50条数据
爬取第369页数据，并且发送至kafka成功！
--------------------忧伤的分割线----------------------
第370页开始爬取，爬取50条数据
爬取第370页数据，并且发送至kafka成功！
--------------------忧伤的分割线----------------------
第371页开始爬取，爬取50条数据
爬取第371页数据，并且发送至kafka成功！
--------------------忧伤的分割线----------------------
第372页开始爬取，爬取50条数据
爬取第372页数据，并且发送至kafka成功！
--------------------忧伤的分割线----------------------
第373页开始爬取，爬取50条数据
爬取第373页数据，并且发送至kafka成功！
--------------------忧伤的分割线----------------------
第374页开始爬取，爬取50条数据
爬取第374页数据，并且发送至kafka成功！
--------------------忧伤的分割线----------------------
第375页开始爬取，爬取50条数据
爬取第375页数据，并且发送至kafka成功！
--------------------忧伤的分割线----------------------
第376页开始爬取，爬取50条数据
爬取第376页数据，并且发送至kafka成功！
--------------------忧伤的分割线----------------------
第377页开始爬取，爬取50条数据
爬取第377页数据，并且发送至kafka成功！
--------------------忧伤的分割线----------------------
第378页开始爬取，爬取50条数据
爬取第378页数据，并且发送至kafka成功！
--------------------忧伤的分割线----------------------
第379页开始爬取，爬取50条数据
爬取第379页数据，并且发送至kafka成功！
--------------------忧伤的分割线----------------------
第380页开始爬取，爬取50条数据
爬取第380页数据，并且发送至kafka成功！
--------------------忧伤的分割线----------------------
第381页开始爬取，爬取50条数据
爬取第381页数据，并且发送至kafka成功！
--------------------忧伤的分割线----------------------
第382页开始爬取，爬取50条数据
爬取第382页数据，并且发送至kafka成功！
--------------------忧伤的分割线----------------------
第383页开始爬取，爬取50条数据
爬取第383页数据，并且发送至kafka成功！
--------------------忧伤的分割线----------------------
第384页开始爬取，爬取50条数据
爬取第384页数据，并且发送至kafka成功！
--------------------忧伤的分割线----------------------
第385页开始爬取，爬取50条数据
爬取第385页数据，并且发送至kafka成功！
--------------------忧伤的分割线----------------------
第386页开始爬取，爬取50条数据
爬取第386页数据，并且发送至kafka成功！
--------------------忧伤的分割线----------------------
第387页开始爬取，爬取50条数据
爬取第387页数据，并且发送至kafka成功！
--------------------忧伤的分割线----------------------
第388页开始爬取，爬取50条数据
爬取第388页数据，并且发送至kafka成功！
--------------------忧伤的分割线----------------------
第389页开始爬取，爬取50条数据
爬取第389页数据，并且发送至kafka成功！
--------------------忧伤的分割线----------------------
第390页开始爬取，爬取50条数据
爬取第390页数据，并且发送至kafka成功！
--------------------忧伤的分割线----------------------
第391页开始爬取，爬取50条数据
爬取第391页数据，并且发送至kafka成功！
--------------------忧伤的分割线----------------------
第392页开始爬取，爬取50条数据
爬取第392页数据，并且发送至kafka成功！
--------------------忧伤的分割线----------------------
第393页开始爬取，爬取50条数据
爬取第393页数据，并且发送至kafka成功！
--------------------忧伤的分割线----------------------
第394页开始爬取，爬取50条数据
爬取第394页数据，并且发送至kafka成功！
--------------------忧伤的分割线----------------------
第395页开始爬取，爬取50条数据
爬取第395页数据，并且发送至kafka成功！
--------------------忧伤的分割线----------------------
第396页开始爬取，爬取50条数据
爬取第396页数据，并且发送至kafka成功！
--------------------忧伤的分割线----------------------
第397页开始爬取，爬取50条数据
爬取第397页数据，并且发送至kafka成功！
--------------------忧伤的分割线----------------------
第398页开始爬取，爬取50条数据
爬取第398页数据，并且发送至kafka成功！
--------------------忧伤的分割线----------------------
第399页开始爬取，爬取50条数据
爬取第399页数据，并且发送至kafka成功！
--------------------忧伤的分割线----------------------
第400页开始爬取，爬取50条数据
爬取第400页数据，并且发送至kafka成功！
--------------------忧伤的分割线----------------------
第401页开始爬取，爬取50条数据
爬取第401页数据，并且发送至kafka成功！
--------------------忧伤的分割线----------------------
第402页开始爬取，爬取50条数据
爬取第402页数据，并且发送至kafka成功！
--------------------忧伤的分割线----------------------
第403页开始爬取，爬取50条数据
爬取第403页数据，并且发送至kafka成功！
--------------------忧伤的分割线----------------------
第404页开始爬取，爬取50条数据
爬取第404页数据，并且发送至kafka成功！
--------------------忧伤的分割线----------------------
第405页开始爬取，爬取50条数据
爬取第405页数据，并且发送至kafka成功！
--------------------忧伤的分割线----------------------
第406页开始爬取，爬取50条数据
爬取第406页数据，并且发送至kafka成功！
--------------------忧伤的分割线----------------------
第407页开始爬取，爬取50条数据
爬取第407页数据，并且发送至kafka成功！
--------------------忧伤的分割线----------------------
第408页开始爬取，爬取50条数据
爬取第408页数据，并且发送至kafka成功！
--------------------忧伤的分割线----------------------
第409页开始爬取，爬取50条数据
爬取第409页数据，并且发送至kafka成功！
--------------------忧伤的分割线----------------------
第410页开始爬取，爬取50条数据
爬取第410页数据，并且发送至kafka成功！
--------------------忧伤的分割线----------------------
第411页开始爬取，爬取50条数据
爬取第411页数据，并且发送至kafka成功！
--------------------忧伤的分割线----------------------
第412页开始爬取，爬取50条数据
爬取第412页数据，并且发送至kafka成功！
--------------------忧伤的分割线----------------------
第413页开始爬取，爬取50条数据
爬取第413页数据，并且发送至kafka成功！
--------------------忧伤的分割线----------------------
第414页开始爬取，爬取50条数据
爬取第414页数据，并且发送至kafka成功！
--------------------忧伤的分割线----------------------
第415页开始爬取，爬取50条数据
爬取第415页数据，并且发送至kafka成功！
--------------------忧伤的分割线----------------------
第416页开始爬取，爬取50条数据
爬取第416页数据，并且发送至kafka成功！
--------------------忧伤的分割线----------------------
第417页开始爬取，爬取50条数据
爬取第417页数据，并且发送至kafka成功！
--------------------忧伤的分割线----------------------
第418页开始爬取，爬取50条数据
爬取第418页数据，并且发送至kafka成功！
--------------------忧伤的分割线----------------------
第419页开始爬取，爬取50条数据
爬取第419页数据，并且发送至kafka成功！
--------------------忧伤的分割线----------------------
第420页开始爬取，爬取50条数据
爬取第420页数据，并且发送至kafka成功！
--------------------忧伤的分割线----------------------
第421页开始爬取，爬取50条数据
爬取第421页数据，并且发送至kafka成功！
--------------------忧伤的分割线----------------------
第422页开始爬取，爬取50条数据
爬取第422页数据，并且发送至kafka成功！
--------------------忧伤的分割线----------------------
第423页开始爬取，爬取50条数据
爬取第423页数据，并且发送至kafka成功！
--------------------忧伤的分割线----------------------
第424页开始爬取，爬取50条数据
爬取第424页数据，并且发送至kafka成功！
--------------------忧伤的分割线----------------------
第425页开始爬取，爬取50条数据
爬取第425页数据，并且发送至kafka成功！
--------------------忧伤的分割线----------------------
第426页开始爬取，爬取50条数据
爬取第426页数据，并且发送至kafka成功！
--------------------忧伤的分割线----------------------
第427页开始爬取，爬取50条数据
爬取第427页数据，并且发送至kafka成功！
--------------------忧伤的分割线----------------------
第428页开始爬取，爬取50条数据
爬取第428页数据，并且发送至kafka成功！
--------------------忧伤的分割线----------------------
第429页开始爬取，爬取50条数据
爬取第429页数据，并且发送至kafka成功！
--------------------忧伤的分割线----------------------
第430页开始爬取，爬取50条数据
爬取第430页数据，并且发送至kafka成功！
--------------------忧伤的分割线----------------------
第431页开始爬取，爬取50条数据
爬取第431页数据，并且发送至kafka成功！
--------------------忧伤的分割线----------------------
第432页开始爬取，爬取50条数据
爬取第432页数据，并且发送至kafka成功！
--------------------忧伤的分割线----------------------
第433页开始爬取，爬取50条数据
爬取第433页数据，并且发送至kafka成功！
--------------------忧伤的分割线----------------------
第434页开始爬取，爬取50条数据
爬取第434页数据，并且发送至kafka成功！
--------------------忧伤的分割线----------------------
第435页开始爬取，爬取50条数据
爬取第435页数据，并且发送至kafka成功！
--------------------忧伤的分割线----------------------
第436页开始爬取，爬取50条数据
爬取第436页数据，并且发送至kafka成功！
--------------------忧伤的分割线----------------------
第437页开始爬取，爬取50条数据
爬取第437页数据，并且发送至kafka成功！
--------------------忧伤的分割线----------------------
第438页开始爬取，爬取50条数据
爬取第438页数据，并且发送至kafka成功！
--------------------忧伤的分割线----------------------
第439页开始爬取，爬取50条数据
爬取第439页数据，并且发送至kafka成功！
--------------------忧伤的分割线----------------------
第440页开始爬取，爬取50条数据
爬取第440页数据，并且发送至kafka成功！
--------------------忧伤的分割线----------------------
第441页开始爬取，爬取50条数据
爬取第441页数据，并且发送至kafka成功！
--------------------忧伤的分割线----------------------
第442页开始爬取，爬取50条数据
爬取第442页数据，并且发送至kafka成功！
--------------------忧伤的分割线----------------------
第443页开始爬取，爬取50条数据
爬取第443页数据，并且发送至kafka成功！
--------------------忧伤的分割线----------------------
第444页开始爬取，爬取50条数据
爬取第444页数据，并且发送至kafka成功！
--------------------忧伤的分割线----------------------
第445页开始爬取，爬取50条数据
爬取第445页数据，并且发送至kafka成功！
--------------------忧伤的分割线----------------------
第446页开始爬取，爬取50条数据
爬取第446页数据，并且发送至kafka成功！
--------------------忧伤的分割线----------------------
第447页开始爬取，爬取50条数据
爬取第447页数据，并且发送至kafka成功！
--------------------忧伤的分割线----------------------
第448页开始爬取，爬取50条数据
爬取第448页数据，并且发送至kafka成功！
--------------------忧伤的分割线----------------------
第449页开始爬取，爬取50条数据
爬取第449页数据，并且发送至kafka成功！
--------------------忧伤的分割线----------------------
第450页开始爬取，爬取50条数据
爬取第450页数据，并且发送至kafka成功！
--------------------忧伤的分割线----------------------
第451页开始爬取，爬取50条数据
爬取第451页数据，并且发送至kafka成功！
--------------------忧伤的分割线----------------------
第452页开始爬取，爬取50条数据
爬取第452页数据，并且发送至kafka成功！
--------------------忧伤的分割线----------------------
第453页开始爬取，爬取50条数据
爬取第453页数据，并且发送至kafka成功！
--------------------忧伤的分割线----------------------
第454页开始爬取，爬取50条数据
爬取第454页数据，并且发送至kafka成功！
--------------------忧伤的分割线----------------------
第455页开始爬取，爬取50条数据
爬取第455页数据，并且发送至kafka成功！
--------------------忧伤的分割线----------------------
第456页开始爬取，爬取50条数据
爬取第456页数据，并且发送至kafka成功！
--------------------忧伤的分割线----------------------
第457页开始爬取，爬取50条数据
爬取第457页数据，并且发送至kafka成功！
--------------------忧伤的分割线----------------------
第458页开始爬取，爬取50条数据
爬取第458页数据，并且发送至kafka成功！
--------------------忧伤的分割线----------------------
第459页开始爬取，爬取50条数据
爬取第459页数据，并且发送至kafka成功！
--------------------忧伤的分割线----------------------
第460页开始爬取，爬取50条数据
爬取第460页数据，并且发送至kafka成功！
--------------------忧伤的分割线----------------------
第461页开始爬取，爬取50条数据
爬取第461页数据，并且发送至kafka成功！
--------------------忧伤的分割线----------------------
第462页开始爬取，爬取50条数据
爬取第462页数据，并且发送至kafka成功！
--------------------忧伤的分割线----------------------
第463页开始爬取，爬取50条数据
爬取第463页数据，并且发送至kafka成功！
--------------------忧伤的分割线----------------------
第464页开始爬取，爬取50条数据
爬取第464页数据，并且发送至kafka成功！
--------------------忧伤的分割线----------------------
第465页开始爬取，爬取50条数据
爬取第465页数据，并且发送至kafka成功！
--------------------忧伤的分割线----------------------
第466页开始爬取，爬取50条数据
爬取第466页数据，并且发送至kafka成功！
--------------------忧伤的分割线----------------------
第467页开始爬取，爬取50条数据
爬取第467页数据，并且发送至kafka成功！
--------------------忧伤的分割线----------------------
第468页开始爬取，爬取50条数据
爬取第468页数据，并且发送至kafka成功！
--------------------忧伤的分割线----------------------
第469页开始爬取，爬取50条数据
爬取第469页数据，并且发送至kafka成功！
--------------------忧伤的分割线----------------------
第470页开始爬取，爬取50条数据
爬取第470页数据，并且发送至kafka成功！
--------------------忧伤的分割线----------------------
第471页开始爬取，爬取50条数据
爬取第471页数据，并且发送至kafka成功！
--------------------忧伤的分割线----------------------
第472页开始爬取，爬取50条数据
爬取第472页数据，并且发送至kafka成功！
--------------------忧伤的分割线----------------------
第473页开始爬取，爬取50条数据
爬取第473页数据，并且发送至kafka成功！
--------------------忧伤的分割线----------------------
第474页开始爬取，爬取50条数据
爬取第474页数据，并且发送至kafka成功！
--------------------忧伤的分割线----------------------
第475页开始爬取，爬取50条数据
爬取第475页数据，并且发送至kafka成功！
--------------------忧伤的分割线----------------------
第476页开始爬取，爬取50条数据
爬取第476页数据，并且发送至kafka成功！
--------------------忧伤的分割线----------------------
第477页开始爬取，爬取50条数据
爬取第477页数据，并且发送至kafka成功！
--------------------忧伤的分割线----------------------
第478页开始爬取，爬取50条数据
爬取第478页数据，并且发送至kafka成功！
--------------------忧伤的分割线----------------------
第479页开始爬取，爬取50条数据
爬取第479页数据，并且发送至kafka成功！
--------------------忧伤的分割线----------------------
第480页开始爬取，爬取50条数据
爬取第480页数据，并且发送至kafka成功！
--------------------忧伤的分割线----------------------
第481页开始爬取，爬取50条数据
爬取第481页数据，并且发送至kafka成功！
--------------------忧伤的分割线----------------------
第482页开始爬取，爬取50条数据
爬取第482页数据，并且发送至kafka成功！
--------------------忧伤的分割线----------------------
第483页开始爬取，爬取50条数据
爬取第483页数据，并且发送至kafka成功！
--------------------忧伤的分割线----------------------
第484页开始爬取，爬取50条数据
爬取第484页数据，并且发送至kafka成功！
--------------------忧伤的分割线----------------------
第485页开始爬取，爬取50条数据
爬取第485页数据，并且发送至kafka成功！
--------------------忧伤的分割线----------------------
第486页开始爬取，爬取50条数据
爬取第486页数据，并且发送至kafka成功！
--------------------忧伤的分割线----------------------
第487页开始爬取，爬取50条数据
爬取第487页数据，并且发送至kafka成功！
--------------------忧伤的分割线----------------------
第488页开始爬取，爬取50条数据
爬取第488页数据，并且发送至kafka成功！
--------------------忧伤的分割线----------------------
第489页开始爬取，爬取50条数据
爬取第489页数据，并且发送至kafka成功！
--------------------忧伤的分割线----------------------
第490页开始爬取，爬取50条数据
爬取第490页数据，并且发送至kafka成功！
--------------------忧伤的分割线----------------------
第491页开始爬取，爬取50条数据
爬取第491页数据，并且发送至kafka成功！
--------------------忧伤的分割线----------------------
第492页开始爬取，爬取50条数据
爬取第492页数据，并且发送至kafka成功！
--------------------忧伤的分割线----------------------
第493页开始爬取，爬取50条数据
爬取第493页数据，并且发送至kafka成功！
--------------------忧伤的分割线----------------------
第494页开始爬取，爬取50条数据
爬取第494页数据，并且发送至kafka成功！
--------------------忧伤的分割线----------------------
第495页开始爬取，爬取50条数据
爬取第495页数据，并且发送至kafka成功！
--------------------忧伤的分割线----------------------
第496页开始爬取，爬取50条数据
爬取第496页数据，并且发送至kafka成功！
--------------------忧伤的分割线----------------------
第497页开始爬取，爬取50条数据
爬取第497页数据，并且发送至kafka成功！
--------------------忧伤的分割线----------------------
第498页开始爬取，爬取50条数据
爬取第498页数据，并且发送至kafka成功！
--------------------忧伤的分割线----------------------
第499页开始爬取，爬取50条数据
爬取第499页数据，并且发送至kafka成功！
--------------------忧伤的分割线----------------------
第500页开始爬取，爬取50条数据
爬取第500页数据，并且发送至kafka成功！
--------------------忧伤的分割线----------------------
第501页开始爬取，爬取50条数据
爬取第501页数据，并且发送至kafka成功！
--------------------忧伤的分割线----------------------
第502页开始爬取，爬取50条数据
爬取第502页数据，并且发送至kafka成功！
--------------------忧伤的分割线----------------------
第503页开始爬取，爬取50条数据
爬取第503页数据，并且发送至kafka成功！
--------------------忧伤的分割线----------------------
第504页开始爬取，爬取50条数据
爬取第504页数据，并且发送至kafka成功！
--------------------忧伤的分割线----------------------
第505页开始爬取，爬取50条数据
爬取第505页数据，并且发送至kafka成功！
--------------------忧伤的分割线----------------------
第506页开始爬取，爬取50条数据
爬取第506页数据，并且发送至kafka成功！
--------------------忧伤的分割线----------------------
第507页开始爬取，爬取50条数据
爬取第507页数据，并且发送至kafka成功！
--------------------忧伤的分割线----------------------
第508页开始爬取，爬取50条数据
爬取第508页数据，并且发送至kafka成功！
--------------------忧伤的分割线----------------------
第509页开始爬取，爬取50条数据
爬取第509页数据，并且发送至kafka成功！
--------------------忧伤的分割线----------------------
第510页开始爬取，爬取50条数据
爬取第510页数据，并且发送至kafka成功！
--------------------忧伤的分割线----------------------
第511页开始爬取，爬取50条数据
爬取第511页数据，并且发送至kafka成功！
--------------------忧伤的分割线----------------------
第512页开始爬取，爬取50条数据
爬取第512页数据，并且发送至kafka成功！
--------------------忧伤的分割线----------------------
第513页开始爬取，爬取50条数据
爬取第513页数据，并且发送至kafka成功！
--------------------忧伤的分割线----------------------
第514页开始爬取，爬取50条数据
爬取第514页数据，并且发送至kafka成功！
--------------------忧伤的分割线----------------------
第515页开始爬取，爬取50条数据
爬取第515页数据，并且发送至kafka成功！
--------------------忧伤的分割线----------------------
第516页开始爬取，爬取50条数据
爬取第516页数据，并且发送至kafka成功！
--------------------忧伤的分割线----------------------
第517页开始爬取，爬取50条数据
爬取第517页数据，并且发送至kafka成功！
--------------------忧伤的分割线----------------------
第518页开始爬取，爬取50条数据
爬取第518页数据，并且发送至kafka成功！
--------------------忧伤的分割线----------------------
第519页开始爬取，爬取50条数据
爬取第519页数据，并且发送至kafka成功！
--------------------忧伤的分割线----------------------
第520页开始爬取，爬取50条数据
爬取第520页数据，并且发送至kafka成功！
--------------------忧伤的分割线----------------------
第521页开始爬取，爬取50条数据
爬取第521页数据，并且发送至kafka成功！
--------------------忧伤的分割线----------------------
第522页开始爬取，爬取50条数据
爬取第522页数据，并且发送至kafka成功！
--------------------忧伤的分割线----------------------
第523页开始爬取，爬取50条数据
爬取第523页数据，并且发送至kafka成功！
--------------------忧伤的分割线----------------------
第524页开始爬取，爬取50条数据
爬取第524页数据，并且发送至kafka成功！
--------------------忧伤的分割线----------------------
第525页开始爬取，爬取50条数据
爬取第525页数据，并且发送至kafka成功！
--------------------忧伤的分割线----------------------
第526页开始爬取，爬取50条数据
爬取第526页数据，并且发送至kafka成功！
--------------------忧伤的分割线----------------------
第527页开始爬取，爬取50条数据
爬取第527页数据，并且发送至kafka成功！
--------------------忧伤的分割线----------------------
第528页开始爬取，爬取50条数据
爬取第528页数据，并且发送至kafka成功！
--------------------忧伤的分割线----------------------
第529页开始爬取，爬取50条数据
爬取第529页数据，并且发送至kafka成功！
--------------------忧伤的分割线----------------------
第530页开始爬取，爬取50条数据
爬取第530页数据，并且发送至kafka成功！
--------------------忧伤的分割线----------------------
第531页开始爬取，爬取50条数据
爬取第531页数据，并且发送至kafka成功！
--------------------忧伤的分割线----------------------
第532页开始爬取，爬取50条数据
爬取第532页数据，并且发送至kafka成功！
--------------------忧伤的分割线----------------------
第533页开始爬取，爬取50条数据
爬取第533页数据，并且发送至kafka成功！
--------------------忧伤的分割线----------------------
第534页开始爬取，爬取50条数据
爬取第534页数据，并且发送至kafka成功！
--------------------忧伤的分割线----------------------
第535页开始爬取，爬取50条数据
爬取第535页数据，并且发送至kafka成功！
--------------------忧伤的分割线----------------------
第536页开始爬取，爬取50条数据
爬取第536页数据，并且发送至kafka成功！
--------------------忧伤的分割线----------------------
第537页开始爬取，爬取50条数据
爬取第537页数据，并且发送至kafka成功！
--------------------忧伤的分割线----------------------
第538页开始爬取，爬取50条数据
爬取第538页数据，并且发送至kafka成功！
--------------------忧伤的分割线----------------------
第539页开始爬取，爬取50条数据
爬取第539页数据，并且发送至kafka成功！
--------------------忧伤的分割线----------------------
第540页开始爬取，爬取50条数据
爬取第540页数据，并且发送至kafka成功！
--------------------忧伤的分割线----------------------
第541页开始爬取，爬取50条数据
爬取第541页数据，并且发送至kafka成功！
--------------------忧伤的分割线----------------------
第542页开始爬取，爬取50条数据
爬取第542页数据，并且发送至kafka成功！
--------------------忧伤的分割线----------------------
第543页开始爬取，爬取50条数据
爬取第543页数据，并且发送至kafka成功！
--------------------忧伤的分割线----------------------
第544页开始爬取，爬取50条数据
爬取第544页数据，并且发送至kafka成功！
--------------------忧伤的分割线----------------------
第545页开始爬取，爬取50条数据
爬取第545页数据，并且发送至kafka成功！
--------------------忧伤的分割线----------------------
第546页开始爬取，爬取50条数据
爬取第546页数据，并且发送至kafka成功！
--------------------忧伤的分割线----------------------
第547页开始爬取，爬取50条数据
爬取第547页数据，并且发送至kafka成功！
--------------------忧伤的分割线----------------------
第548页开始爬取，爬取50条数据
爬取第548页数据，并且发送至kafka成功！
--------------------忧伤的分割线----------------------
第549页开始爬取，爬取50条数据
爬取第549页数据，并且发送至kafka成功！
--------------------忧伤的分割线----------------------
第550页开始爬取，爬取50条数据
爬取第550页数据，并且发送至kafka成功！
--------------------忧伤的分割线----------------------
第551页开始爬取，爬取50条数据
爬取第551页数据，并且发送至kafka成功！
--------------------忧伤的分割线----------------------
第552页开始爬取，爬取50条数据
爬取第552页数据，并且发送至kafka成功！
--------------------忧伤的分割线----------------------
第553页开始爬取，爬取50条数据
爬取第553页数据，并且发送至kafka成功！
--------------------忧伤的分割线----------------------
第554页开始爬取，爬取50条数据
爬取第554页数据，并且发送至kafka成功！
--------------------忧伤的分割线----------------------
第555页开始爬取，爬取50条数据
爬取第555页数据，并且发送至kafka成功！
--------------------忧伤的分割线----------------------
第556页开始爬取，爬取50条数据
爬取第556页数据，并且发送至kafka成功！
--------------------忧伤的分割线----------------------
第557页开始爬取，爬取50条数据
爬取第557页数据，并且发送至kafka成功！
--------------------忧伤的分割线----------------------
第558页开始爬取，爬取50条数据
爬取第558页数据，并且发送至kafka成功！
--------------------忧伤的分割线----------------------
第559页开始爬取，爬取50条数据
爬取第559页数据，并且发送至kafka成功！
--------------------忧伤的分割线----------------------
第560页开始爬取，爬取50条数据
爬取第560页数据，并且发送至kafka成功！
--------------------忧伤的分割线----------------------
第561页开始爬取，爬取50条数据
爬取第561页数据，并且发送至kafka成功！
--------------------忧伤的分割线----------------------
第562页开始爬取，爬取50条数据
爬取第562页数据，并且发送至kafka成功！
--------------------忧伤的分割线----------------------
第563页开始爬取，爬取50条数据
爬取第563页数据，并且发送至kafka成功！
--------------------忧伤的分割线----------------------
第564页开始爬取，爬取50条数据
爬取第564页数据，并且发送至kafka成功！
--------------------忧伤的分割线----------------------
第565页开始爬取，爬取50条数据
爬取第565页数据，并且发送至kafka成功！
--------------------忧伤的分割线----------------------
第566页开始爬取，爬取50条数据
爬取第566页数据，并且发送至kafka成功！
--------------------忧伤的分割线----------------------
第567页开始爬取，爬取50条数据
爬取第567页数据，并且发送至kafka成功！
--------------------忧伤的分割线----------------------
第568页开始爬取，爬取50条数据
爬取第568页数据，并且发送至kafka成功！
--------------------忧伤的分割线----------------------
第569页开始爬取，爬取50条数据
爬取第569页数据，并且发送至kafka成功！
--------------------忧伤的分割线----------------------
第570页开始爬取，爬取50条数据
爬取第570页数据，并且发送至kafka成功！
--------------------忧伤的分割线----------------------
第571页开始爬取，爬取50条数据
爬取第571页数据，并且发送至kafka成功！
--------------------忧伤的分割线----------------------
第572页开始爬取，爬取50条数据
爬取第572页数据，并且发送至kafka成功！
--------------------忧伤的分割线----------------------
第573页开始爬取，爬取50条数据
爬取第573页数据，并且发送至kafka成功！
--------------------忧伤的分割线----------------------
第574页开始爬取，爬取50条数据
爬取第574页数据，并且发送至kafka成功！
--------------------忧伤的分割线----------------------
第575页开始爬取，爬取50条数据
爬取第575页数据，并且发送至kafka成功！
--------------------忧伤的分割线----------------------
第576页开始爬取，爬取50条数据
爬取第576页数据，并且发送至kafka成功！
--------------------忧伤的分割线----------------------
第577页开始爬取，爬取50条数据
爬取第577页数据，并且发送至kafka成功！
--------------------忧伤的分割线----------------------
第578页开始爬取，爬取50条数据
爬取第578页数据，并且发送至kafka成功！
--------------------忧伤的分割线----------------------
第579页开始爬取，爬取50条数据
爬取第579页数据，并且发送至kafka成功！
--------------------忧伤的分割线----------------------
第580页开始爬取，爬取50条数据
爬取第580页数据，并且发送至kafka成功！
--------------------忧伤的分割线----------------------
第581页开始爬取，爬取50条数据
爬取第581页数据，并且发送至kafka成功！
--------------------忧伤的分割线----------------------
第582页开始爬取，爬取50条数据
爬取第582页数据，并且发送至kafka成功！
--------------------忧伤的分割线----------------------
第583页开始爬取，爬取50条数据
爬取第583页数据，并且发送至kafka成功！
--------------------忧伤的分割线----------------------
第584页开始爬取，爬取50条数据
爬取第584页数据，并且发送至kafka成功！
--------------------忧伤的分割线----------------------
第585页开始爬取，爬取50条数据
爬取第585页数据，并且发送至kafka成功！
--------------------忧伤的分割线----------------------
第586页开始爬取，爬取50条数据
爬取第586页数据，并且发送至kafka成功！
--------------------忧伤的分割线----------------------
第587页开始爬取，爬取50条数据
爬取第587页数据，并且发送至kafka成功！
--------------------忧伤的分割线----------------------
第588页开始爬取，爬取50条数据
爬取第588页数据，并且发送至kafka成功！
--------------------忧伤的分割线----------------------
第589页开始爬取，爬取50条数据
爬取第589页数据，并且发送至kafka成功！
--------------------忧伤的分割线----------------------
第590页开始爬取，爬取50条数据
爬取第590页数据，并且发送至kafka成功！
--------------------忧伤的分割线----------------------
第591页开始爬取，爬取50条数据
爬取第591页数据，并且发送至kafka成功！
--------------------忧伤的分割线----------------------
第592页开始爬取，爬取50条数据
爬取第592页数据，并且发送至kafka成功！
--------------------忧伤的分割线----------------------
第593页开始爬取，爬取50条数据
爬取第593页数据，并且发送至kafka成功！
--------------------忧伤的分割线----------------------
第594页开始爬取，爬取50条数据
爬取第594页数据，并且发送至kafka成功！
--------------------忧伤的分割线----------------------
第595页开始爬取，爬取50条数据
爬取第595页数据，并且发送至kafka成功！
--------------------忧伤的分割线----------------------
第596页开始爬取，爬取50条数据
爬取第596页数据，并且发送至kafka成功！
--------------------忧伤的分割线----------------------
第597页开始爬取，爬取50条数据
爬取第597页数据，并且发送至kafka成功！
--------------------忧伤的分割线----------------------
第598页开始爬取，爬取50条数据
爬取第598页数据，并且发送至kafka成功！
--------------------忧伤的分割线----------------------
第599页开始爬取，爬取50条数据
爬取第599页数据，并且发送至kafka成功！
--------------------忧伤的分割线----------------------
第600页开始爬取，爬取50条数据
爬取第600页数据，并且发送至kafka成功！
--------------------忧伤的分割线----------------------
第601页开始爬取，爬取50条数据
爬取第601页数据，并且发送至kafka成功！
--------------------忧伤的分割线----------------------
第602页开始爬取，爬取50条数据
爬取第602页数据，并且发送至kafka成功！
--------------------忧伤的分割线----------------------
第603页开始爬取，爬取50条数据
爬取第603页数据，并且发送至kafka成功！
--------------------忧伤的分割线----------------------
第604页开始爬取，爬取50条数据
爬取第604页数据，并且发送至kafka成功！
--------------------忧伤的分割线----------------------
第605页开始爬取，爬取50条数据
爬取第605页数据，并且发送至kafka成功！
--------------------忧伤的分割线----------------------
第606页开始爬取，爬取50条数据
爬取第606页数据，并且发送至kafka成功！
--------------------忧伤的分割线----------------------
第607页开始爬取，爬取50条数据
爬取第607页数据，并且发送至kafka成功！
--------------------忧伤的分割线----------------------
第608页开始爬取，爬取50条数据
爬取第608页数据，并且发送至kafka成功！
--------------------忧伤的分割线----------------------
第609页开始爬取，爬取50条数据
爬取第609页数据，并且发送至kafka成功！
--------------------忧伤的分割线----------------------
第610页开始爬取，爬取50条数据
爬取第610页数据，并且发送至kafka成功！
--------------------忧伤的分割线----------------------
第611页开始爬取，爬取50条数据
爬取第611页数据，并且发送至kafka成功！
--------------------忧伤的分割线----------------------
第612页开始爬取，爬取50条数据
爬取第612页数据，并且发送至kafka成功！
--------------------忧伤的分割线----------------------
第613页开始爬取，爬取50条数据
爬取第613页数据，并且发送至kafka成功！
--------------------忧伤的分割线----------------------
第614页开始爬取，爬取50条数据
爬取第614页数据，并且发送至kafka成功！
--------------------忧伤的分割线----------------------
第615页开始爬取，爬取50条数据
爬取第615页数据，并且发送至kafka成功！
--------------------忧伤的分割线----------------------
第616页开始爬取，爬取50条数据
爬取第616页数据，并且发送至kafka成功！
--------------------忧伤的分割线----------------------
第617页开始爬取，爬取50条数据
爬取第617页数据，并且发送至kafka成功！
--------------------忧伤的分割线----------------------
第618页开始爬取，爬取50条数据
爬取第618页数据，并且发送至kafka成功！
--------------------忧伤的分割线----------------------
第619页开始爬取，爬取50条数据
爬取第619页数据，并且发送至kafka成功！
--------------------忧伤的分割线----------------------
第620页开始爬取，爬取50条数据
爬取第620页数据，并且发送至kafka成功！
--------------------忧伤的分割线----------------------
第621页开始爬取，爬取50条数据
爬取第621页数据，并且发送至kafka成功！
--------------------忧伤的分割线----------------------
第622页开始爬取，爬取50条数据
爬取第622页数据，并且发送至kafka成功！
--------------------忧伤的分割线----------------------
第623页开始爬取，爬取50条数据
爬取第623页数据，并且发送至kafka成功！
--------------------忧伤的分割线----------------------
第624页开始爬取，爬取50条数据
爬取第624页数据，并且发送至kafka成功！
--------------------忧伤的分割线----------------------
第625页开始爬取，爬取50条数据
爬取第625页数据，并且发送至kafka成功！
--------------------忧伤的分割线----------------------
第626页开始爬取，爬取50条数据
爬取第626页数据，并且发送至kafka成功！
--------------------忧伤的分割线----------------------
第627页开始爬取，爬取50条数据
爬取第627页数据，并且发送至kafka成功！
--------------------忧伤的分割线----------------------
第628页开始爬取，爬取50条数据
爬取第628页数据，并且发送至kafka成功！
--------------------忧伤的分割线----------------------
第629页开始爬取，爬取50条数据
爬取第629页数据，并且发送至kafka成功！
--------------------忧伤的分割线----------------------
第630页开始爬取，爬取50条数据
爬取第630页数据，并且发送至kafka成功！
--------------------忧伤的分割线----------------------
第631页开始爬取，爬取50条数据
爬取第631页数据，并且发送至kafka成功！
--------------------忧伤的分割线----------------------
第632页开始爬取，爬取50条数据
爬取第632页数据，并且发送至kafka成功！
--------------------忧伤的分割线----------------------
第633页开始爬取，爬取50条数据
爬取第633页数据，并且发送至kafka成功！
--------------------忧伤的分割线----------------------
第634页开始爬取，爬取50条数据
爬取第634页数据，并且发送至kafka成功！
--------------------忧伤的分割线----------------------
第635页开始爬取，爬取50条数据
爬取第635页数据，并且发送至kafka成功！
--------------------忧伤的分割线----------------------
第636页开始爬取，爬取50条数据
爬取第636页数据，并且发送至kafka成功！
--------------------忧伤的分割线----------------------
第637页开始爬取，爬取50条数据
爬取第637页数据，并且发送至kafka成功！
--------------------忧伤的分割线----------------------
第638页开始爬取，爬取50条数据
爬取第638页数据，并且发送至kafka成功！
--------------------忧伤的分割线----------------------
第639页开始爬取，爬取50条数据
爬取第639页数据，并且发送至kafka成功！
--------------------忧伤的分割线----------------------
第640页开始爬取，爬取50条数据
爬取第640页数据，并且发送至kafka成功！
--------------------忧伤的分割线----------------------
第641页开始爬取，爬取50条数据
爬取第641页数据，并且发送至kafka成功！
--------------------忧伤的分割线----------------------
第642页开始爬取，爬取50条数据
爬取第642页数据，并且发送至kafka成功！
--------------------忧伤的分割线----------------------
第643页开始爬取，爬取50条数据
爬取第643页数据，并且发送至kafka成功！
--------------------忧伤的分割线----------------------
第644页开始爬取，爬取50条数据
爬取第644页数据，并且发送至kafka成功！
--------------------忧伤的分割线----------------------
第645页开始爬取，爬取50条数据
爬取第645页数据，并且发送至kafka成功！
--------------------忧伤的分割线----------------------
第646页开始爬取，爬取50条数据
爬取第646页数据，并且发送至kafka成功！
--------------------忧伤的分割线----------------------
第647页开始爬取，爬取50条数据
爬取第647页数据，并且发送至kafka成功！
--------------------忧伤的分割线----------------------
第648页开始爬取，爬取50条数据
爬取第648页数据，并且发送至kafka成功！
--------------------忧伤的分割线----------------------
第649页开始爬取，爬取50条数据
爬取第649页数据，并且发送至kafka成功！
--------------------忧伤的分割线----------------------
第650页开始爬取，爬取50条数据
爬取第650页数据，并且发送至kafka成功！
--------------------忧伤的分割线----------------------
第651页开始爬取，爬取50条数据
爬取第651页数据，并且发送至kafka成功！
--------------------忧伤的分割线----------------------
第652页开始爬取，爬取50条数据
爬取第652页数据，并且发送至kafka成功！
--------------------忧伤的分割线----------------------
第653页开始爬取，爬取50条数据
爬取第653页数据，并且发送至kafka成功！
--------------------忧伤的分割线----------------------
第654页开始爬取，爬取50条数据
爬取第654页数据，并且发送至kafka成功！
--------------------忧伤的分割线----------------------
第655页开始爬取，爬取50条数据
爬取第655页数据，并且发送至kafka成功！
--------------------忧伤的分割线----------------------
第656页开始爬取，爬取50条数据
爬取第656页数据，并且发送至kafka成功！
--------------------忧伤的分割线----------------------
第657页开始爬取，爬取50条数据
爬取第657页数据，并且发送至kafka成功！
--------------------忧伤的分割线----------------------
第658页开始爬取，爬取50条数据
爬取第658页数据，并且发送至kafka成功！
--------------------忧伤的分割线----------------------
第659页开始爬取，爬取50条数据
爬取第659页数据，并且发送至kafka成功！
--------------------忧伤的分割线----------------------
第660页开始爬取，爬取50条数据
爬取第660页数据，并且发送至kafka成功！
--------------------忧伤的分割线----------------------
第661页开始爬取，爬取50条数据
爬取第661页数据，并且发送至kafka成功！
--------------------忧伤的分割线----------------------
第662页开始爬取，爬取50条数据
爬取第662页数据，并且发送至kafka成功！
--------------------忧伤的分割线----------------------
第663页开始爬取，爬取50条数据
爬取第663页数据，并且发送至kafka成功！
--------------------忧伤的分割线----------------------
第664页开始爬取，爬取50条数据
爬取第664页数据，并且发送至kafka成功！
--------------------忧伤的分割线----------------------
第665页开始爬取，爬取50条数据
爬取第665页数据，并且发送至kafka成功！
--------------------忧伤的分割线----------------------
第666页开始爬取，爬取50条数据
爬取第666页数据，并且发送至kafka成功！
--------------------忧伤的分割线----------------------
第667页开始爬取，爬取50条数据
爬取第667页数据，并且发送至kafka成功！
--------------------忧伤的分割线----------------------
第668页开始爬取，爬取50条数据
爬取第668页数据，并且发送至kafka成功！
--------------------忧伤的分割线----------------------
第669页开始爬取，爬取50条数据
爬取第669页数据，并且发送至kafka成功！
--------------------忧伤的分割线----------------------
第670页开始爬取，爬取50条数据
爬取第670页数据，并且发送至kafka成功！
--------------------忧伤的分割线----------------------
第671页开始爬取，爬取50条数据
爬取第671页数据，并且发送至kafka成功！
--------------------忧伤的分割线----------------------
第672页开始爬取，爬取50条数据
爬取第672页数据，并且发送至kafka成功！
--------------------忧伤的分割线----------------------
第673页开始爬取，爬取50条数据
爬取第673页数据，并且发送至kafka成功！
--------------------忧伤的分割线----------------------
第674页开始爬取，爬取50条数据
爬取第674页数据，并且发送至kafka成功！
--------------------忧伤的分割线----------------------
第675页开始爬取，爬取50条数据
爬取第675页数据，并且发送至kafka成功！
--------------------忧伤的分割线----------------------
第676页开始爬取，爬取50条数据
爬取第676页数据，并且发送至kafka成功！
--------------------忧伤的分割线----------------------
第677页开始爬取，爬取50条数据
爬取第677页数据，并且发送至kafka成功！
--------------------忧伤的分割线----------------------
第678页开始爬取，爬取50条数据
爬取第678页数据，并且发送至kafka成功！
--------------------忧伤的分割线----------------------
第679页开始爬取，爬取50条数据
爬取第679页数据，并且发送至kafka成功！
--------------------忧伤的分割线----------------------
第680页开始爬取，爬取50条数据
爬取第680页数据，并且发送至kafka成功！
--------------------忧伤的分割线----------------------
第681页开始爬取，爬取50条数据
爬取第681页数据，并且发送至kafka成功！
--------------------忧伤的分割线----------------------
第682页开始爬取，爬取50条数据
爬取第682页数据，并且发送至kafka成功！
--------------------忧伤的分割线----------------------
第683页开始爬取，爬取50条数据
爬取第683页数据，并且发送至kafka成功！
--------------------忧伤的分割线----------------------
第684页开始爬取，爬取50条数据
爬取第684页数据，并且发送至kafka成功！
--------------------忧伤的分割线----------------------
第685页开始爬取，爬取50条数据
爬取第685页数据，并且发送至kafka成功！
--------------------忧伤的分割线----------------------
第686页开始爬取，爬取50条数据
爬取第686页数据，并且发送至kafka成功！
--------------------忧伤的分割线----------------------
第687页开始爬取，爬取50条数据
爬取第687页数据，并且发送至kafka成功！
--------------------忧伤的分割线----------------------
第688页开始爬取，爬取50条数据
爬取第688页数据，并且发送至kafka成功！
--------------------忧伤的分割线----------------------
第689页开始爬取，爬取50条数据
爬取第689页数据，并且发送至kafka成功！
--------------------忧伤的分割线----------------------
第690页开始爬取，爬取50条数据
爬取第690页数据，并且发送至kafka成功！
--------------------忧伤的分割线----------------------
第691页开始爬取，爬取50条数据
爬取第691页数据，并且发送至kafka成功！
--------------------忧伤的分割线----------------------
第692页开始爬取，爬取50条数据
爬取第692页数据，并且发送至kafka成功！
--------------------忧伤的分割线----------------------
第693页开始爬取，爬取50条数据
爬取第693页数据，并且发送至kafka成功！
--------------------忧伤的分割线----------------------
第694页开始爬取，爬取50条数据
爬取第694页数据，并且发送至kafka成功！
--------------------忧伤的分割线----------------------
第695页开始爬取，爬取50条数据
爬取第695页数据，并且发送至kafka成功！
--------------------忧伤的分割线----------------------
第696页开始爬取，爬取50条数据
爬取第696页数据，并且发送至kafka成功！
--------------------忧伤的分割线----------------------
第697页开始爬取，爬取50条数据
爬取第697页数据，并且发送至kafka成功！
--------------------忧伤的分割线----------------------
第698页开始爬取，爬取50条数据
爬取第698页数据，并且发送至kafka成功！
--------------------忧伤的分割线----------------------
第699页开始爬取，爬取50条数据
爬取第699页数据，并且发送至kafka成功！
--------------------忧伤的分割线----------------------
第700页开始爬取，爬取50条数据
爬取第700页数据，并且发送至kafka成功！
--------------------忧伤的分割线----------------------
第701页开始爬取，爬取50条数据
爬取第701页数据，并且发送至kafka成功！
--------------------忧伤的分割线----------------------
第702页开始爬取，爬取50条数据
爬取第702页数据，并且发送至kafka成功！
--------------------忧伤的分割线----------------------
第703页开始爬取，爬取50条数据
爬取第703页数据，并且发送至kafka成功！
--------------------忧伤的分割线----------------------
第704页开始爬取，爬取50条数据
爬取第704页数据，并且发送至kafka成功！
--------------------忧伤的分割线----------------------
第705页开始爬取，爬取50条数据
爬取第705页数据，并且发送至kafka成功！
--------------------忧伤的分割线----------------------
第706页开始爬取，爬取50条数据
爬取第706页数据，并且发送至kafka成功！
--------------------忧伤的分割线----------------------
第707页开始爬取，爬取50条数据
爬取第707页数据，并且发送至kafka成功！
--------------------忧伤的分割线----------------------
第708页开始爬取，爬取50条数据
爬取第708页数据，并且发送至kafka成功！
--------------------忧伤的分割线----------------------
第709页开始爬取，爬取50条数据
爬取第709页数据，并且发送至kafka成功！
--------------------忧伤的分割线----------------------
第710页开始爬取，爬取50条数据
爬取第710页数据，并且发送至kafka成功！
--------------------忧伤的分割线----------------------
第711页开始爬取，爬取50条数据
爬取第711页数据，并且发送至kafka成功！
--------------------忧伤的分割线----------------------
第712页开始爬取，爬取50条数据
爬取第712页数据，并且发送至kafka成功！
--------------------忧伤的分割线----------------------
第713页开始爬取，爬取50条数据
爬取第713页数据，并且发送至kafka成功！
--------------------忧伤的分割线----------------------
第714页开始爬取，爬取50条数据
爬取第714页数据，并且发送至kafka成功！
--------------------忧伤的分割线----------------------
第715页开始爬取，爬取50条数据
爬取第715页数据，并且发送至kafka成功！
--------------------忧伤的分割线----------------------
第716页开始爬取，爬取50条数据
爬取第716页数据，并且发送至kafka成功！
--------------------忧伤的分割线----------------------
第717页开始爬取，爬取50条数据
爬取第717页数据，并且发送至kafka成功！
--------------------忧伤的分割线----------------------
第718页开始爬取，爬取50条数据
爬取第718页数据，并且发送至kafka成功！
--------------------忧伤的分割线----------------------
第719页开始爬取，爬取50条数据
爬取第719页数据，并且发送至kafka成功！
--------------------忧伤的分割线----------------------
第720页开始爬取，爬取50条数据
爬取第720页数据，并且发送至kafka成功！
--------------------忧伤的分割线----------------------
第721页开始爬取，爬取50条数据
爬取第721页数据，并且发送至kafka成功！
--------------------忧伤的分割线----------------------
第722页开始爬取，爬取50条数据
爬取第722页数据，并且发送至kafka成功！
--------------------忧伤的分割线----------------------
第723页开始爬取，爬取50条数据
爬取第723页数据，并且发送至kafka成功！
--------------------忧伤的分割线----------------------
第724页开始爬取，爬取50条数据
爬取第724页数据，并且发送至kafka成功！
--------------------忧伤的分割线----------------------
第725页开始爬取，爬取50条数据
爬取第725页数据，并且发送至kafka成功！
--------------------忧伤的分割线----------------------
第726页开始爬取，爬取50条数据
爬取第726页数据，并且发送至kafka成功！
--------------------忧伤的分割线----------------------
第727页开始爬取，爬取50条数据
爬取第727页数据，并且发送至kafka成功！
--------------------忧伤的分割线----------------------
第728页开始爬取，爬取50条数据
爬取第728页数据，并且发送至kafka成功！
--------------------忧伤的分割线----------------------
第729页开始爬取，爬取50条数据
爬取第729页数据，并且发送至kafka成功！
--------------------忧伤的分割线----------------------
第730页开始爬取，爬取50条数据
爬取第730页数据，并且发送至kafka成功！
--------------------忧伤的分割线----------------------
第731页开始爬取，爬取50条数据
爬取第731页数据，并且发送至kafka成功！
--------------------忧伤的分割线----------------------
第732页开始爬取，爬取50条数据
爬取第732页数据，并且发送至kafka成功！
--------------------忧伤的分割线----------------------
第733页开始爬取，爬取50条数据
爬取第733页数据，并且发送至kafka成功！
--------------------忧伤的分割线----------------------
第734页开始爬取，爬取50条数据
爬取第734页数据，并且发送至kafka成功！
--------------------忧伤的分割线----------------------
第735页开始爬取，爬取50条数据
爬取第735页数据，并且发送至kafka成功！
--------------------忧伤的分割线----------------------
第736页开始爬取，爬取50条数据
爬取第736页数据，并且发送至kafka成功！
--------------------忧伤的分割线----------------------
第737页开始爬取，爬取50条数据
爬取第737页数据，并且发送至kafka成功！
--------------------忧伤的分割线----------------------
第738页开始爬取，爬取50条数据
爬取第738页数据，并且发送至kafka成功！
--------------------忧伤的分割线----------------------
第739页开始爬取，爬取50条数据
爬取第739页数据，并且发送至kafka成功！
--------------------忧伤的分割线----------------------
第740页开始爬取，爬取50条数据
爬取第740页数据，并且发送至kafka成功！
--------------------忧伤的分割线----------------------
第741页开始爬取，爬取50条数据
爬取第741页数据，并且发送至kafka成功！
--------------------忧伤的分割线----------------------
第742页开始爬取，爬取50条数据
爬取第742页数据，并且发送至kafka成功！
--------------------忧伤的分割线----------------------
第743页开始爬取，爬取50条数据
爬取第743页数据，并且发送至kafka成功！
--------------------忧伤的分割线----------------------
第744页开始爬取，爬取50条数据
爬取第744页数据，并且发送至kafka成功！
--------------------忧伤的分割线----------------------
第745页开始爬取，爬取50条数据
爬取第745页数据，并且发送至kafka成功！
--------------------忧伤的分割线----------------------
第746页开始爬取，爬取50条数据
爬取第746页数据，并且发送至kafka成功！
--------------------忧伤的分割线----------------------
第747页开始爬取，爬取50条数据
爬取第747页数据，并且发送至kafka成功！
--------------------忧伤的分割线----------------------
第748页开始爬取，爬取50条数据
爬取第748页数据，并且发送至kafka成功！
--------------------忧伤的分割线----------------------
第749页开始爬取，爬取50条数据
爬取第749页数据，并且发送至kafka成功！
--------------------忧伤的分割线----------------------
第750页开始爬取，爬取50条数据
爬取第750页数据，并且发送至kafka成功！
--------------------忧伤的分割线----------------------
第751页开始爬取，爬取50条数据
爬取第751页数据，并且发送至kafka成功！
--------------------忧伤的分割线----------------------
第752页开始爬取，爬取50条数据
爬取第752页数据，并且发送至kafka成功！
--------------------忧伤的分割线----------------------
第753页开始爬取，爬取50条数据
爬取第753页数据，并且发送至kafka成功！
--------------------忧伤的分割线----------------------
第754页开始爬取，爬取50条数据
爬取第754页数据，并且发送至kafka成功！
--------------------忧伤的分割线----------------------
第755页开始爬取，爬取50条数据
爬取第755页数据，并且发送至kafka成功！
--------------------忧伤的分割线----------------------
第756页开始爬取，爬取50条数据
爬取第756页数据，并且发送至kafka成功！
--------------------忧伤的分割线----------------------
第757页开始爬取，爬取50条数据
爬取第757页数据，并且发送至kafka成功！
--------------------忧伤的分割线----------------------
第758页开始爬取，爬取50条数据
爬取第758页数据，并且发送至kafka成功！
--------------------忧伤的分割线----------------------
第759页开始爬取，爬取50条数据
爬取第759页数据，并且发送至kafka成功！
--------------------忧伤的分割线----------------------
第760页开始爬取，爬取50条数据
爬取第760页数据，并且发送至kafka成功！
--------------------忧伤的分割线----------------------
第761页开始爬取，爬取50条数据
爬取第761页数据，并且发送至kafka成功！
--------------------忧伤的分割线----------------------
第762页开始爬取，爬取50条数据
爬取第762页数据，并且发送至kafka成功！
--------------------忧伤的分割线----------------------
第763页开始爬取，爬取50条数据
爬取第763页数据，并且发送至kafka成功！
--------------------忧伤的分割线----------------------
第764页开始爬取，爬取50条数据
爬取第764页数据，并且发送至kafka成功！
--------------------忧伤的分割线----------------------
第765页开始爬取，爬取50条数据
爬取第765页数据，并且发送至kafka成功！
--------------------忧伤的分割线----------------------
第766页开始爬取，爬取50条数据
爬取第766页数据，并且发送至kafka成功！
--------------------忧伤的分割线----------------------
第767页开始爬取，爬取50条数据
爬取第767页数据，并且发送至kafka成功！
--------------------忧伤的分割线----------------------
第768页开始爬取，爬取50条数据
爬取第768页数据，并且发送至kafka成功！
--------------------忧伤的分割线----------------------
第769页开始爬取，爬取50条数据
爬取第769页数据，并且发送至kafka成功！
--------------------忧伤的分割线----------------------
第770页开始爬取，爬取50条数据
爬取第770页数据，并且发送至kafka成功！
--------------------忧伤的分割线----------------------
第771页开始爬取，爬取50条数据
爬取第771页数据，并且发送至kafka成功！
--------------------忧伤的分割线----------------------
第772页开始爬取，爬取50条数据
爬取第772页数据，并且发送至kafka成功！
--------------------忧伤的分割线----------------------
第773页开始爬取，爬取50条数据
爬取第773页数据，并且发送至kafka成功！
--------------------忧伤的分割线----------------------
第774页开始爬取，爬取50条数据
爬取第774页数据，并且发送至kafka成功！
--------------------忧伤的分割线----------------------
第775页开始爬取，爬取50条数据
爬取第775页数据，并且发送至kafka成功！
--------------------忧伤的分割线----------------------
第776页开始爬取，爬取50条数据
爬取第776页数据，并且发送至kafka成功！
--------------------忧伤的分割线----------------------
第777页开始爬取，爬取50条数据
爬取第777页数据，并且发送至kafka成功！
--------------------忧伤的分割线----------------------
第778页开始爬取，爬取50条数据
爬取第778页数据，并且发送至kafka成功！
--------------------忧伤的分割线----------------------
第779页开始爬取，爬取50条数据
爬取第779页数据，并且发送至kafka成功！
--------------------忧伤的分割线----------------------
第780页开始爬取，爬取50条数据
爬取第780页数据，并且发送至kafka成功！
--------------------忧伤的分割线----------------------
第781页开始爬取，爬取50条数据
爬取第781页数据，并且发送至kafka成功！
--------------------忧伤的分割线----------------------
第782页开始爬取，爬取50条数据
爬取第782页数据，并且发送至kafka成功！
--------------------忧伤的分割线----------------------
第783页开始爬取，爬取50条数据
爬取第783页数据，并且发送至kafka成功！
--------------------忧伤的分割线----------------------
第784页开始爬取，爬取50条数据
爬取第784页数据，并且发送至kafka成功！
--------------------忧伤的分割线----------------------
第785页开始爬取，爬取50条数据
爬取第785页数据，并且发送至kafka成功！
--------------------忧伤的分割线----------------------
第786页开始爬取，爬取50条数据
爬取第786页数据，并且发送至kafka成功！
--------------------忧伤的分割线----------------------
第787页开始爬取，爬取50条数据
爬取第787页数据，并且发送至kafka成功！
--------------------忧伤的分割线----------------------
第788页开始爬取，爬取50条数据
爬取第788页数据，并且发送至kafka成功！
--------------------忧伤的分割线----------------------
第789页开始爬取，爬取50条数据
爬取第789页数据，并且发送至kafka成功！
--------------------忧伤的分割线----------------------
第790页开始爬取，爬取50条数据
爬取第790页数据，并且发送至kafka成功！
--------------------忧伤的分割线----------------------
第791页开始爬取，爬取50条数据
爬取第791页数据，并且发送至kafka成功！
--------------------忧伤的分割线----------------------
第792页开始爬取，爬取50条数据
爬取第792页数据，并且发送至kafka成功！
--------------------忧伤的分割线----------------------
第793页开始爬取，爬取50条数据
爬取第793页数据，并且发送至kafka成功！
--------------------忧伤的分割线----------------------
第794页开始爬取，爬取50条数据
爬取第794页数据，并且发送至kafka成功！
--------------------忧伤的分割线----------------------
第795页开始爬取，爬取50条数据
爬取第795页数据，并且发送至kafka成功！
--------------------忧伤的分割线----------------------
第796页开始爬取，爬取50条数据
爬取第796页数据，并且发送至kafka成功！
--------------------忧伤的分割线----------------------
第797页开始爬取，爬取50条数据
爬取第797页数据，并且发送至kafka成功！
--------------------忧伤的分割线----------------------
第798页开始爬取，爬取50条数据
爬取第798页数据，并且发送至kafka成功！
--------------------忧伤的分割线----------------------
第799页开始爬取，爬取50条数据
爬取第799页数据，并且发送至kafka成功！
--------------------忧伤的分割线----------------------
第800页开始爬取，爬取50条数据
爬取第800页数据，并且发送至kafka成功！
--------------------忧伤的分割线----------------------
第801页开始爬取，爬取50条数据
爬取第801页数据，并且发送至kafka成功！
--------------------忧伤的分割线----------------------
第802页开始爬取，爬取50条数据
爬取第802页数据，并且发送至kafka成功！
--------------------忧伤的分割线----------------------
第803页开始爬取，爬取50条数据
爬取第803页数据，并且发送至kafka成功！
--------------------忧伤的分割线----------------------
第804页开始爬取，爬取50条数据
爬取第804页数据，并且发送至kafka成功！
--------------------忧伤的分割线----------------------
第805页开始爬取，爬取50条数据
爬取第805页数据，并且发送至kafka成功！
--------------------忧伤的分割线----------------------
第806页开始爬取，爬取50条数据
爬取第806页数据，并且发送至kafka成功！
--------------------忧伤的分割线----------------------
第807页开始爬取，爬取50条数据
爬取第807页数据，并且发送至kafka成功！
--------------------忧伤的分割线----------------------
第808页开始爬取，爬取50条数据
爬取第808页数据，并且发送至kafka成功！
--------------------忧伤的分割线----------------------
第809页开始爬取，爬取50条数据
爬取第809页数据，并且发送至kafka成功！
--------------------忧伤的分割线----------------------
第810页开始爬取，爬取50条数据
爬取第810页数据，并且发送至kafka成功！
--------------------忧伤的分割线----------------------
第811页开始爬取，爬取50条数据
爬取第811页数据，并且发送至kafka成功！
--------------------忧伤的分割线----------------------
第812页开始爬取，爬取50条数据
爬取第812页数据，并且发送至kafka成功！
--------------------忧伤的分割线----------------------
第813页开始爬取，爬取50条数据
爬取第813页数据，并且发送至kafka成功！
--------------------忧伤的分割线----------------------
第814页开始爬取，爬取50条数据
爬取第814页数据，并且发送至kafka成功！
--------------------忧伤的分割线----------------------
第815页开始爬取，爬取50条数据
爬取第815页数据，并且发送至kafka成功！
--------------------忧伤的分割线----------------------
第816页开始爬取，爬取50条数据
爬取第816页数据，并且发送至kafka成功！
--------------------忧伤的分割线----------------------
第817页开始爬取，爬取50条数据
爬取第817页数据，并且发送至kafka成功！
--------------------忧伤的分割线----------------------
第818页开始爬取，爬取50条数据
爬取第818页数据，并且发送至kafka成功！
--------------------忧伤的分割线----------------------
第819页开始爬取，爬取50条数据
爬取第819页数据，并且发送至kafka成功！
--------------------忧伤的分割线----------------------
第820页开始爬取，爬取50条数据
爬取第820页数据，并且发送至kafka成功！
--------------------忧伤的分割线----------------------
第821页开始爬取，爬取50条数据
爬取第821页数据，并且发送至kafka成功！
--------------------忧伤的分割线----------------------
第822页开始爬取，爬取50条数据
爬取第822页数据，并且发送至kafka成功！
--------------------忧伤的分割线----------------------
第823页开始爬取，爬取50条数据
爬取第823页数据，并且发送至kafka成功！
--------------------忧伤的分割线----------------------
第824页开始爬取，爬取50条数据
爬取第824页数据，并且发送至kafka成功！
--------------------忧伤的分割线----------------------
第825页开始爬取，爬取50条数据
爬取第825页数据，并且发送至kafka成功！
--------------------忧伤的分割线----------------------
第826页开始爬取，爬取50条数据
爬取第826页数据，并且发送至kafka成功！
--------------------忧伤的分割线----------------------
第827页开始爬取，爬取50条数据
爬取第827页数据，并且发送至kafka成功！
--------------------忧伤的分割线----------------------
第828页开始爬取，爬取50条数据
爬取第828页数据，并且发送至kafka成功！
--------------------忧伤的分割线----------------------
第829页开始爬取，爬取50条数据
爬取第829页数据，并且发送至kafka成功！
--------------------忧伤的分割线----------------------
第830页开始爬取，爬取50条数据
爬取第830页数据，并且发送至kafka成功！
--------------------忧伤的分割线----------------------
第831页开始爬取，爬取50条数据
爬取第831页数据，并且发送至kafka成功！
--------------------忧伤的分割线----------------------
第832页开始爬取，爬取50条数据
爬取第832页数据，并且发送至kafka成功！
--------------------忧伤的分割线----------------------
第833页开始爬取，爬取50条数据
爬取第833页数据，并且发送至kafka成功！
--------------------忧伤的分割线----------------------
第834页开始爬取，爬取50条数据
爬取第834页数据，并且发送至kafka成功！
--------------------忧伤的分割线----------------------
第835页开始爬取，爬取50条数据
爬取第835页数据，并且发送至kafka成功！
--------------------忧伤的分割线----------------------
第836页开始爬取，爬取50条数据
爬取第836页数据，并且发送至kafka成功！
--------------------忧伤的分割线----------------------
第837页开始爬取，爬取50条数据
爬取第837页数据，并且发送至kafka成功！
--------------------忧伤的分割线----------------------
第838页开始爬取，爬取50条数据
爬取第838页数据，并且发送至kafka成功！
--------------------忧伤的分割线----------------------
第839页开始爬取，爬取50条数据
爬取第839页数据，并且发送至kafka成功！
--------------------忧伤的分割线----------------------
第840页开始爬取，爬取50条数据
爬取第840页数据，并且发送至kafka成功！
--------------------忧伤的分割线----------------------
第841页开始爬取，爬取50条数据
爬取第841页数据，并且发送至kafka成功！
--------------------忧伤的分割线----------------------
第842页开始爬取，爬取50条数据
爬取第842页数据，并且发送至kafka成功！
--------------------忧伤的分割线----------------------
第843页开始爬取，爬取50条数据
爬取第843页数据，并且发送至kafka成功！
--------------------忧伤的分割线----------------------
第844页开始爬取，爬取50条数据
爬取第844页数据，并且发送至kafka成功！
--------------------忧伤的分割线----------------------
第845页开始爬取，爬取50条数据
爬取第845页数据，并且发送至kafka成功！
--------------------忧伤的分割线----------------------
第846页开始爬取，爬取50条数据
爬取第846页数据，并且发送至kafka成功！
--------------------忧伤的分割线----------------------
第847页开始爬取，爬取50条数据
爬取第847页数据，并且发送至kafka成功！
--------------------忧伤的分割线----------------------
第848页开始爬取，爬取50条数据
爬取第848页数据，并且发送至kafka成功！
--------------------忧伤的分割线----------------------
第849页开始爬取，爬取50条数据
爬取第849页数据，并且发送至kafka成功！
--------------------忧伤的分割线----------------------
第850页开始爬取，爬取50条数据
爬取第850页数据，并且发送至kafka成功！
--------------------忧伤的分割线----------------------
第851页开始爬取，爬取50条数据
爬取第851页数据，并且发送至kafka成功！
--------------------忧伤的分割线----------------------
第852页开始爬取，爬取50条数据
爬取第852页数据，并且发送至kafka成功！
--------------------忧伤的分割线----------------------
第853页开始爬取，爬取50条数据
爬取第853页数据，并且发送至kafka成功！
--------------------忧伤的分割线----------------------
第854页开始爬取，爬取50条数据
爬取第854页数据，并且发送至kafka成功！
--------------------忧伤的分割线----------------------
第855页开始爬取，爬取50条数据
爬取第855页数据，并且发送至kafka成功！
--------------------忧伤的分割线----------------------
第856页开始爬取，爬取50条数据
爬取第856页数据，并且发送至kafka成功！
--------------------忧伤的分割线----------------------
第857页开始爬取，爬取50条数据
爬取第857页数据，并且发送至kafka成功！
--------------------忧伤的分割线----------------------
第858页开始爬取，爬取50条数据
爬取第858页数据，并且发送至kafka成功！
--------------------忧伤的分割线----------------------
第859页开始爬取，爬取50条数据
爬取第859页数据，并且发送至kafka成功！
--------------------忧伤的分割线----------------------
第860页开始爬取，爬取50条数据
爬取第860页数据，并且发送至kafka成功！
--------------------忧伤的分割线----------------------
第861页开始爬取，爬取50条数据
爬取第861页数据，并且发送至kafka成功！
--------------------忧伤的分割线----------------------
第862页开始爬取，爬取50条数据
爬取第862页数据，并且发送至kafka成功！
--------------------忧伤的分割线----------------------
第863页开始爬取，爬取50条数据
爬取第863页数据，并且发送至kafka成功！
--------------------忧伤的分割线----------------------
第864页开始爬取，爬取50条数据
爬取第864页数据，并且发送至kafka成功！
--------------------忧伤的分割线----------------------
第865页开始爬取，爬取50条数据
爬取第865页数据，并且发送至kafka成功！
--------------------忧伤的分割线----------------------
第866页开始爬取，爬取50条数据
爬取第866页数据，并且发送至kafka成功！
--------------------忧伤的分割线----------------------
第867页开始爬取，爬取50条数据
爬取第867页数据，并且发送至kafka成功！
--------------------忧伤的分割线----------------------
第868页开始爬取，爬取50条数据
爬取第868页数据，并且发送至kafka成功！
--------------------忧伤的分割线----------------------
第869页开始爬取，爬取50条数据
爬取第869页数据，并且发送至kafka成功！
--------------------忧伤的分割线----------------------
第870页开始爬取，爬取50条数据
爬取第870页数据，并且发送至kafka成功！
--------------------忧伤的分割线----------------------
第871页开始爬取，爬取50条数据
爬取第871页数据，并且发送至kafka成功！
--------------------忧伤的分割线----------------------
第872页开始爬取，爬取50条数据
爬取第872页数据，并且发送至kafka成功！
--------------------忧伤的分割线----------------------
第873页开始爬取，爬取50条数据
爬取第873页数据，并且发送至kafka成功！
--------------------忧伤的分割线----------------------
第874页开始爬取，爬取50条数据
爬取第874页数据，并且发送至kafka成功！
--------------------忧伤的分割线----------------------
第875页开始爬取，爬取50条数据
爬取第875页数据，并且发送至kafka成功！
--------------------忧伤的分割线----------------------
第876页开始爬取，爬取50条数据
爬取第876页数据，并且发送至kafka成功！
--------------------忧伤的分割线----------------------
第877页开始爬取，爬取50条数据
爬取第877页数据，并且发送至kafka成功！
--------------------忧伤的分割线----------------------
第878页开始爬取，爬取50条数据
爬取第878页数据，并且发送至kafka成功！
--------------------忧伤的分割线----------------------
第879页开始爬取，爬取50条数据
爬取第879页数据，并且发送至kafka成功！
--------------------忧伤的分割线----------------------
第880页开始爬取，爬取50条数据
爬取第880页数据，并且发送至kafka成功！
--------------------忧伤的分割线----------------------
第881页开始爬取，爬取50条数据
爬取第881页数据，并且发送至kafka成功！
--------------------忧伤的分割线----------------------
第882页开始爬取，爬取50条数据
爬取第882页数据，并且发送至kafka成功！
--------------------忧伤的分割线----------------------
第883页开始爬取，爬取50条数据
爬取第883页数据，并且发送至kafka成功！
--------------------忧伤的分割线----------------------
第884页开始爬取，爬取50条数据
爬取第884页数据，并且发送至kafka成功！
--------------------忧伤的分割线----------------------
第885页开始爬取，爬取50条数据
爬取第885页数据，并且发送至kafka成功！
--------------------忧伤的分割线----------------------
第886页开始爬取，爬取50条数据
爬取第886页数据，并且发送至kafka成功！
--------------------忧伤的分割线----------------------
第887页开始爬取，爬取50条数据
爬取第887页数据，并且发送至kafka成功！
--------------------忧伤的分割线----------------------
第888页开始爬取，爬取50条数据
爬取第888页数据，并且发送至kafka成功！
--------------------忧伤的分割线----------------------
第889页开始爬取，爬取50条数据
爬取第889页数据，并且发送至kafka成功！
--------------------忧伤的分割线----------------------
第890页开始爬取，爬取50条数据
爬取第890页数据，并且发送至kafka成功！
--------------------忧伤的分割线----------------------
第891页开始爬取，爬取50条数据
爬取第891页数据，并且发送至kafka成功！
--------------------忧伤的分割线----------------------
第892页开始爬取，爬取50条数据
爬取第892页数据，并且发送至kafka成功！
--------------------忧伤的分割线----------------------
第893页开始爬取，爬取50条数据
爬取第893页数据，并且发送至kafka成功！
--------------------忧伤的分割线----------------------
第894页开始爬取，爬取50条数据
爬取第894页数据，并且发送至kafka成功！
--------------------忧伤的分割线----------------------
第895页开始爬取，爬取50条数据
爬取第895页数据，并且发送至kafka成功！
--------------------忧伤的分割线----------------------
第896页开始爬取，爬取50条数据
爬取第896页数据，并且发送至kafka成功！
--------------------忧伤的分割线----------------------
第897页开始爬取，爬取50条数据
爬取第897页数据，并且发送至kafka成功！
--------------------忧伤的分割线----------------------
第898页开始爬取，爬取50条数据
爬取第898页数据，并且发送至kafka成功！
--------------------忧伤的分割线----------------------
第899页开始爬取，爬取50条数据
爬取第899页数据，并且发送至kafka成功！
--------------------忧伤的分割线----------------------
第900页开始爬取，爬取50条数据
爬取第900页数据，并且发送至kafka成功！
--------------------忧伤的分割线----------------------
第901页开始爬取，爬取50条数据
爬取第901页数据，并且发送至kafka成功！
--------------------忧伤的分割线----------------------
第902页开始爬取，爬取50条数据
爬取第902页数据，并且发送至kafka成功！
--------------------忧伤的分割线----------------------
第903页开始爬取，爬取50条数据
爬取第903页数据，并且发送至kafka成功！
--------------------忧伤的分割线----------------------
第904页开始爬取，爬取50条数据
爬取第904页数据，并且发送至kafka成功！
--------------------忧伤的分割线----------------------
第905页开始爬取，爬取50条数据
爬取第905页数据，并且发送至kafka成功！
--------------------忧伤的分割线----------------------
第906页开始爬取，爬取50条数据
爬取第906页数据，并且发送至kafka成功！
--------------------忧伤的分割线----------------------
第907页开始爬取，爬取50条数据
爬取第907页数据，并且发送至kafka成功！
--------------------忧伤的分割线----------------------
第908页开始爬取，爬取50条数据
爬取第908页数据，并且发送至kafka成功！
--------------------忧伤的分割线----------------------
第909页开始爬取，爬取50条数据
爬取第909页数据，并且发送至kafka成功！
--------------------忧伤的分割线----------------------
第910页开始爬取，爬取50条数据
爬取第910页数据，并且发送至kafka成功！
--------------------忧伤的分割线----------------------
第911页开始爬取，爬取50条数据
爬取第911页数据，并且发送至kafka成功！
--------------------忧伤的分割线----------------------
第912页开始爬取，爬取50条数据
爬取第912页数据，并且发送至kafka成功！
--------------------忧伤的分割线----------------------
第913页开始爬取，爬取50条数据
爬取第913页数据，并且发送至kafka成功！
--------------------忧伤的分割线----------------------
第914页开始爬取，爬取50条数据
爬取第914页数据，并且发送至kafka成功！
--------------------忧伤的分割线----------------------
第915页开始爬取，爬取50条数据
爬取第915页数据，并且发送至kafka成功！
--------------------忧伤的分割线----------------------
第916页开始爬取，爬取50条数据
爬取第916页数据，并且发送至kafka成功！
--------------------忧伤的分割线----------------------
第917页开始爬取，爬取50条数据
爬取第917页数据，并且发送至kafka成功！
--------------------忧伤的分割线----------------------
第918页开始爬取，爬取50条数据
爬取第918页数据，并且发送至kafka成功！
--------------------忧伤的分割线----------------------
第919页开始爬取，爬取50条数据
爬取第919页数据，并且发送至kafka成功！
--------------------忧伤的分割线----------------------
第920页开始爬取，爬取50条数据
爬取第920页数据，并且发送至kafka成功！
--------------------忧伤的分割线----------------------
第921页开始爬取，爬取50条数据
爬取第921页数据，并且发送至kafka成功！
--------------------忧伤的分割线----------------------
第922页开始爬取，爬取50条数据
爬取第922页数据，并且发送至kafka成功！
--------------------忧伤的分割线----------------------
第923页开始爬取，爬取50条数据
爬取第923页数据，并且发送至kafka成功！
--------------------忧伤的分割线----------------------
第924页开始爬取，爬取50条数据
爬取第924页数据，并且发送至kafka成功！
--------------------忧伤的分割线----------------------
第925页开始爬取，爬取50条数据
爬取第925页数据，并且发送至kafka成功！
--------------------忧伤的分割线----------------------
第926页开始爬取，爬取50条数据
爬取第926页数据，并且发送至kafka成功！
--------------------忧伤的分割线----------------------
第927页开始爬取，爬取50条数据
爬取第927页数据，并且发送至kafka成功！
--------------------忧伤的分割线----------------------
第928页开始爬取，爬取50条数据
爬取第928页数据，并且发送至kafka成功！
--------------------忧伤的分割线----------------------
第929页开始爬取，爬取50条数据
爬取第929页数据，并且发送至kafka成功！
--------------------忧伤的分割线----------------------
第930页开始爬取，爬取50条数据
爬取第930页数据，并且发送至kafka成功！
--------------------忧伤的分割线----------------------
第931页开始爬取，爬取50条数据
爬取第931页数据，并且发送至kafka成功！
--------------------忧伤的分割线----------------------
第932页开始爬取，爬取50条数据
爬取第932页数据，并且发送至kafka成功！
--------------------忧伤的分割线----------------------
第933页开始爬取，爬取50条数据
爬取第933页数据，并且发送至kafka成功！
--------------------忧伤的分割线----------------------
第934页开始爬取，爬取50条数据
爬取第934页数据，并且发送至kafka成功！
--------------------忧伤的分割线----------------------
第935页开始爬取，爬取50条数据
爬取第935页数据，并且发送至kafka成功！
--------------------忧伤的分割线----------------------
第936页开始爬取，爬取50条数据
爬取第936页数据，并且发送至kafka成功！
--------------------忧伤的分割线----------------------
第937页开始爬取，爬取50条数据
爬取第937页数据，并且发送至kafka成功！
--------------------忧伤的分割线----------------------
第938页开始爬取，爬取50条数据
爬取第938页数据，并且发送至kafka成功！
--------------------忧伤的分割线----------------------
第939页开始爬取，爬取50条数据
爬取第939页数据，并且发送至kafka成功！
--------------------忧伤的分割线----------------------
第940页开始爬取，爬取50条数据
爬取第940页数据，并且发送至kafka成功！
--------------------忧伤的分割线----------------------
第941页开始爬取，爬取50条数据
爬取第941页数据，并且发送至kafka成功！
--------------------忧伤的分割线----------------------
第942页开始爬取，爬取50条数据
爬取第942页数据，并且发送至kafka成功！
--------------------忧伤的分割线----------------------
第943页开始爬取，爬取50条数据
爬取第943页数据，并且发送至kafka成功！
--------------------忧伤的分割线----------------------
第944页开始爬取，爬取50条数据
爬取第944页数据，并且发送至kafka成功！
--------------------忧伤的分割线----------------------
第945页开始爬取，爬取50条数据
爬取第945页数据，并且发送至kafka成功！
--------------------忧伤的分割线----------------------
第946页开始爬取，爬取50条数据
爬取第946页数据，并且发送至kafka成功！
--------------------忧伤的分割线----------------------
第947页开始爬取，爬取50条数据
爬取第947页数据，并且发送至kafka成功！
--------------------忧伤的分割线----------------------
第948页开始爬取，爬取50条数据
爬取第948页数据，并且发送至kafka成功！
--------------------忧伤的分割线----------------------
